#
# There is insufficient memory for the Java Runtime Environment to continue.
# Native memory allocation (malloc) failed to allocate 1058304 bytes for Chunk::new
# Possible reasons:
#   The system is out of physical RAM or swap space
#   The process is running with CompressedOops enabled, and the Java Heap may be blocking the growth of the native heap
# Possible solutions:
#   Reduce memory load on the system
#   Increase physical memory or swap space
#   Check if swap backing store is full
#   Decrease Java heap size (-Xmx/-Xms)
#   Decrease number of Java threads
#   Decrease Java thread stack sizes (-Xss)
#   Set larger code cache with -XX:ReservedCodeCacheSize=
#   JVM is running with Zero Based Compressed Oops mode in which the Java heap is
#     placed in the first 32GB address space. The Java Heap base address is the
#     maximum limit for the native heap growth. Please use -XX:HeapBaseMinAddress
#     to set the Java Heap base and to place the Java Heap above 32GB virtual address.
# This output file may be truncated or incomplete.
#
#  Out of Memory Error (arena.cpp:184), pid=10832, tid=776
#
# JRE version: Java(TM) SE Runtime Environment (19.0.1+10) (build 19.0.1+10-21)
# Java VM: Java HotSpot(TM) 64-Bit Server VM (19.0.1+10-21, mixed mode, sharing, tiered, compressed oops, compressed class ptrs, g1 gc, windows-amd64)
# No core dump will be written. Minidumps are not enabled by default on client versions of Windows
#

---------------  S U M M A R Y ------------

Command Line: -ea -Dfile.encoding=UTF-8 -XX:+ShowCodeDetailsInExceptionMessages org.testng.remote.RemoteTestNG -serport 64361 -protocol json -d C:\Users\Lenovo PC\eclipse-workspace\restAPIFramework\test-output C:\Users\Lenovo PC\eclipse-workspace\restAPIFramework\testng.xml

Host: Intel(R) Core(TM) i5-3320M CPU @ 2.60GHz, 4 cores, 15G,  Windows 10 , 64 bit Build 19041 (10.0.19041.3636)
Time: Tue Jun 25 17:36:04 2024 Eastern Daylight Time elapsed time: 3.698056 seconds (0d 0h 0m 3s)

---------------  T H R E A D  ---------------

Current thread (0x000001a67ebf8ac0):  JavaThread "C2 CompilerThread0" daemon [_thread_in_native, id=776, stack(0x00000094cea00000,0x00000094ceb00000)]


Current CompileTask:
C2:   3698 2381       4       jdk.internal.loader.URLClassPath::getResource (74 bytes)

Stack: [0x00000094cea00000,0x00000094ceb00000]
Native frames: (J=compiled Java code, j=interpreted, Vv=VM code, C=native code)
V  [jvm.dll+0x6ee8fa]
V  [jvm.dll+0x857a1e]
V  [jvm.dll+0x85940e]
V  [jvm.dll+0x859ac3]
V  [jvm.dll+0x28291f]
V  [jvm.dll+0xc9b5f]
V  [jvm.dll+0xc9ee5]
V  [jvm.dll+0x3bcbac]
V  [jvm.dll+0x1ee31a]
V  [jvm.dll+0x24c41b]
V  [jvm.dll+0x24b671]
V  [jvm.dll+0x1d6d61]
V  [jvm.dll+0x25b0fa]
V  [jvm.dll+0x259588]
V  [jvm.dll+0x807928]
V  [jvm.dll+0x8015fa]
V  [jvm.dll+0x6ed5eb]
C  [ucrtbase.dll+0x21bb2]
C  [KERNEL32.DLL+0x17344]
C  [ntdll.dll+0x4cc91]


---------------  P R O C E S S  ---------------

Threads class SMR info:
_java_thread_list=0x000001a6238d2180, length=17, elements={
0x000001a67ae9dd80, 0x000001a67ebd4180, 0x000001a67ebd4ec0, 0x000001a67ebd6f50,
0x000001a67ebd7ab0, 0x000001a67ebd83e0, 0x000001a67ebe2a30, 0x000001a67ebf8ac0,
0x000001a67ec11be0, 0x000001a67ec2b420, 0x000001a67ec2b970, 0x000001a67ec2a980,
0x000001a67ec2dea0, 0x000001a623f961a0, 0x000001a67ec2c960, 0x000001a67ec2bec0,
0x000001a67ec2aed0
}

Java Threads: ( => current thread )
  0x000001a67ae9dd80 JavaThread "main" [_thread_in_vm, id=14304, stack(0x00000094cdd00000,0x00000094cde00000)]
  0x000001a67ebd4180 JavaThread "Reference Handler" daemon [_thread_blocked, id=20780, stack(0x00000094ce400000,0x00000094ce500000)]
  0x000001a67ebd4ec0 JavaThread "Finalizer" daemon [_thread_blocked, id=24912, stack(0x00000094ce500000,0x00000094ce600000)]
  0x000001a67ebd6f50 JavaThread "Signal Dispatcher" daemon [_thread_blocked, id=14472, stack(0x00000094ce600000,0x00000094ce700000)]
  0x000001a67ebd7ab0 JavaThread "Attach Listener" daemon [_thread_blocked, id=19988, stack(0x00000094ce700000,0x00000094ce800000)]
  0x000001a67ebd83e0 JavaThread "Service Thread" daemon [_thread_blocked, id=16840, stack(0x00000094ce800000,0x00000094ce900000)]
  0x000001a67ebe2a30 JavaThread "Monitor Deflation Thread" daemon [_thread_blocked, id=20068, stack(0x00000094ce900000,0x00000094cea00000)]
=>0x000001a67ebf8ac0 JavaThread "C2 CompilerThread0" daemon [_thread_in_native, id=776, stack(0x00000094cea00000,0x00000094ceb00000)]
  0x000001a67ec11be0 JavaThread "C1 CompilerThread0" daemon [_thread_in_vm, id=6212, stack(0x00000094ceb00000,0x00000094cec00000)]
  0x000001a67ec2b420 JavaThread "Sweeper thread" daemon [_thread_blocked, id=20656, stack(0x00000094cec00000,0x00000094ced00000)]
  0x000001a67ec2b970 JavaThread "Notification Thread" daemon [_thread_blocked, id=6744, stack(0x00000094ced00000,0x00000094cee00000)]
  0x000001a67ec2a980 JavaThread "Common-Cleaner" daemon [_thread_blocked, id=2136, stack(0x00000094cef00000,0x00000094cf000000)]
  0x000001a67ec2dea0 JavaThread "ReaderThread" [_thread_in_native, id=25776, stack(0x00000094cf200000,0x00000094cf300000)]
  0x000001a623f961a0 JavaThread "C2 CompilerThread1" daemon [_thread_in_native, id=15808, stack(0x00000094cf000000,0x00000094cf100000)]
  0x000001a67ec2c960 JavaThread "ForkJoinPool.commonPool-worker-1" daemon [_thread_blocked, id=25976, stack(0x00000094cf600000,0x00000094cf700000)]
  0x000001a67ec2bec0 JavaThread "ForkJoinPool.commonPool-worker-2" daemon [_thread_blocked, id=23380, stack(0x00000094cf700000,0x00000094cf800000)]
  0x000001a67ec2aed0 JavaThread "ForkJoinPool.commonPool-worker-3" daemon [_thread_blocked, id=24288, stack(0x00000094cf800000,0x00000094cf900000)]

Other Threads:
  0x000001a67ebb9270 VMThread "VM Thread" [stack: 0x00000094ce300000,0x00000094ce400000] [id=22960]
  0x000001a623097fd0 WatcherThread "VM Periodic Task Thread" [stack: 0x00000094cee00000,0x00000094cef00000] [id=5760]
  0x000001a67af0b350 WorkerThread "GC Thread#0" [stack: 0x00000094cde00000,0x00000094cdf00000] [id=1464]
  0x000001a67ebb8190 WorkerThread "GC Thread#1" [stack: 0x00000094cf300000,0x00000094cf400000] [id=24604]
  0x000001a67ebb8cd0 WorkerThread "GC Thread#2" [stack: 0x00000094cf400000,0x00000094cf500000] [id=26300]
  0x000001a67ebb9540 WorkerThread "GC Thread#3" [stack: 0x00000094cf500000,0x00000094cf600000] [id=24676]
  0x000001a67af1c740 ConcurrentGCThread "G1 Main Marker" [stack: 0x00000094cdf00000,0x00000094ce000000] [id=18012]
  0x000001a67af1f190 WorkerThread "G1 Conc#0" [stack: 0x00000094ce000000,0x00000094ce100000] [id=9052]
  0x000001a67af5e4a0 ConcurrentGCThread "G1 Refine#0" [stack: 0x00000094ce100000,0x00000094ce200000] [id=23572]
  0x000001a67ea77510 ConcurrentGCThread "G1 Service" [stack: 0x00000094ce200000,0x00000094ce300000] [id=3056]

Threads with active compile tasks:
C2 CompilerThread0     3734 2381       4       jdk.internal.loader.URLClassPath::getResource (74 bytes)
C2 CompilerThread1     3734 2384       4       java.lang.invoke.MethodType::makeImpl (109 bytes)

VM state: not at safepoint (normal execution)

VM Mutex/Monitor currently owned by a thread: None

Heap address: 0x0000000704a00000, size: 4022 MB, Compressed Oops mode: Zero based, Oop shift amount: 3

CDS archive(s) mapped at: [0x0000000800000000-0x0000000800c40000-0x0000000800c40000), size 12845056, SharedBaseAddress: 0x0000000800000000, ArchiveRelocationMode: 0.
Compressed class space mapped at: 0x0000000801000000-0x0000000841000000, reserved size: 1073741824
Narrow klass base: 0x0000000800000000, Narrow klass shift: 0, Narrow klass range: 0x100000000

GC Precious Log:
 CardTable entry size: 512
 Card Set container configuration: InlinePtr #cards 4 size 8 Array Of Cards #cards 16 size 48 Howl #buckets 8 coarsen threshold 3686 Howl Bitmap #cards 512 size 80 coarsen threshold 460 Card regions per heap region 1 cards per card region 4096
 CPUs: 4 total, 4 available
 Memory: 16080M
 Large Page Support: Disabled
 NUMA Support: Disabled
 Compressed Oops: Enabled (Zero based)
 Heap Region Size: 2M
 Heap Min Capacity: 8M
 Heap Initial Capacity: 252M
 Heap Max Capacity: 4022M
 Pre-touch: Disabled
 Parallel Workers: 4
 Concurrent Workers: 1
 Concurrent Refinement Workers: 4
 Periodic GC: Disabled

Heap:
 garbage-first heap   total 258048K, used 31385K [0x0000000704a00000, 0x0000000800000000)
  region size 2048K, 15 young (30720K), 2 survivors (4096K)
 Metaspace       used 19529K, committed 19968K, reserved 1114112K
  class space    used 2190K, committed 2368K, reserved 1048576K

Heap Regions: E=young(eden), S=young(survivor), O=old, HS=humongous(starts), HC=humongous(continues), CS=collection set, F=free, OA=open archive, CA=closed archive, TAMS=top-at-mark-start (previous, next)
|   0|0x0000000704a00000, 0x0000000704c00000, 0x0000000704c00000|100%| O|  |TAMS 0x0000000704a00000, 0x0000000704a00000| Untracked 
|   1|0x0000000704c00000, 0x0000000704e00000, 0x0000000704e00000|100%| O|  |TAMS 0x0000000704c00000, 0x0000000704c00000| Untracked 
|   2|0x0000000704e00000, 0x0000000704f97c00, 0x0000000705000000| 79%| O|  |TAMS 0x0000000704e00000, 0x0000000704e00000| Untracked 
|   3|0x0000000705000000, 0x0000000705000000, 0x0000000705200000|  0%| F|  |TAMS 0x0000000705000000, 0x0000000705000000| Untracked 
|   4|0x0000000705200000, 0x0000000705200000, 0x0000000705400000|  0%| F|  |TAMS 0x0000000705200000, 0x0000000705200000| Untracked 
|   5|0x0000000705400000, 0x0000000705400000, 0x0000000705600000|  0%| F|  |TAMS 0x0000000705400000, 0x0000000705400000| Untracked 
|   6|0x0000000705600000, 0x0000000705600000, 0x0000000705800000|  0%| F|  |TAMS 0x0000000705600000, 0x0000000705600000| Untracked 
|   7|0x0000000705800000, 0x0000000705800000, 0x0000000705a00000|  0%| F|  |TAMS 0x0000000705800000, 0x0000000705800000| Untracked 
|   8|0x0000000705a00000, 0x0000000705a00000, 0x0000000705c00000|  0%| F|  |TAMS 0x0000000705a00000, 0x0000000705a00000| Untracked 
|   9|0x0000000705c00000, 0x0000000705c00000, 0x0000000705e00000|  0%| F|  |TAMS 0x0000000705c00000, 0x0000000705c00000| Untracked 
|  10|0x0000000705e00000, 0x0000000705e00000, 0x0000000706000000|  0%| F|  |TAMS 0x0000000705e00000, 0x0000000705e00000| Untracked 
|  11|0x0000000706000000, 0x0000000706000000, 0x0000000706200000|  0%| F|  |TAMS 0x0000000706000000, 0x0000000706000000| Untracked 
|  12|0x0000000706200000, 0x0000000706200000, 0x0000000706400000|  0%| F|  |TAMS 0x0000000706200000, 0x0000000706200000| Untracked 
|  13|0x0000000706400000, 0x0000000706400000, 0x0000000706600000|  0%| F|  |TAMS 0x0000000706400000, 0x0000000706400000| Untracked 
|  14|0x0000000706600000, 0x0000000706600000, 0x0000000706800000|  0%| F|  |TAMS 0x0000000706600000, 0x0000000706600000| Untracked 
|  15|0x0000000706800000, 0x0000000706800000, 0x0000000706a00000|  0%| F|  |TAMS 0x0000000706800000, 0x0000000706800000| Untracked 
|  16|0x0000000706a00000, 0x0000000706a00000, 0x0000000706c00000|  0%| F|  |TAMS 0x0000000706a00000, 0x0000000706a00000| Untracked 
|  17|0x0000000706c00000, 0x0000000706c00000, 0x0000000706e00000|  0%| F|  |TAMS 0x0000000706c00000, 0x0000000706c00000| Untracked 
|  18|0x0000000706e00000, 0x0000000706e00000, 0x0000000707000000|  0%| F|  |TAMS 0x0000000706e00000, 0x0000000706e00000| Untracked 
|  19|0x0000000707000000, 0x0000000707000000, 0x0000000707200000|  0%| F|  |TAMS 0x0000000707000000, 0x0000000707000000| Untracked 
|  20|0x0000000707200000, 0x0000000707200000, 0x0000000707400000|  0%| F|  |TAMS 0x0000000707200000, 0x0000000707200000| Untracked 
|  21|0x0000000707400000, 0x0000000707400000, 0x0000000707600000|  0%| F|  |TAMS 0x0000000707400000, 0x0000000707400000| Untracked 
|  22|0x0000000707600000, 0x0000000707600000, 0x0000000707800000|  0%| F|  |TAMS 0x0000000707600000, 0x0000000707600000| Untracked 
|  23|0x0000000707800000, 0x0000000707800000, 0x0000000707a00000|  0%| F|  |TAMS 0x0000000707800000, 0x0000000707800000| Untracked 
|  24|0x0000000707a00000, 0x0000000707a00000, 0x0000000707c00000|  0%| F|  |TAMS 0x0000000707a00000, 0x0000000707a00000| Untracked 
|  25|0x0000000707c00000, 0x0000000707c00000, 0x0000000707e00000|  0%| F|  |TAMS 0x0000000707c00000, 0x0000000707c00000| Untracked 
|  26|0x0000000707e00000, 0x0000000707e00000, 0x0000000708000000|  0%| F|  |TAMS 0x0000000707e00000, 0x0000000707e00000| Untracked 
|  27|0x0000000708000000, 0x0000000708000000, 0x0000000708200000|  0%| F|  |TAMS 0x0000000708000000, 0x0000000708000000| Untracked 
|  28|0x0000000708200000, 0x0000000708200000, 0x0000000708400000|  0%| F|  |TAMS 0x0000000708200000, 0x0000000708200000| Untracked 
|  29|0x0000000708400000, 0x0000000708400000, 0x0000000708600000|  0%| F|  |TAMS 0x0000000708400000, 0x0000000708400000| Untracked 
|  30|0x0000000708600000, 0x0000000708600000, 0x0000000708800000|  0%| F|  |TAMS 0x0000000708600000, 0x0000000708600000| Untracked 
|  31|0x0000000708800000, 0x0000000708800000, 0x0000000708a00000|  0%| F|  |TAMS 0x0000000708800000, 0x0000000708800000| Untracked 
|  32|0x0000000708a00000, 0x0000000708a00000, 0x0000000708c00000|  0%| F|  |TAMS 0x0000000708a00000, 0x0000000708a00000| Untracked 
|  33|0x0000000708c00000, 0x0000000708c00000, 0x0000000708e00000|  0%| F|  |TAMS 0x0000000708c00000, 0x0000000708c00000| Untracked 
|  34|0x0000000708e00000, 0x0000000708e00000, 0x0000000709000000|  0%| F|  |TAMS 0x0000000708e00000, 0x0000000708e00000| Untracked 
|  35|0x0000000709000000, 0x0000000709000000, 0x0000000709200000|  0%| F|  |TAMS 0x0000000709000000, 0x0000000709000000| Untracked 
|  36|0x0000000709200000, 0x0000000709200000, 0x0000000709400000|  0%| F|  |TAMS 0x0000000709200000, 0x0000000709200000| Untracked 
|  37|0x0000000709400000, 0x0000000709400000, 0x0000000709600000|  0%| F|  |TAMS 0x0000000709400000, 0x0000000709400000| Untracked 
|  38|0x0000000709600000, 0x0000000709600000, 0x0000000709800000|  0%| F|  |TAMS 0x0000000709600000, 0x0000000709600000| Untracked 
|  39|0x0000000709800000, 0x0000000709800000, 0x0000000709a00000|  0%| F|  |TAMS 0x0000000709800000, 0x0000000709800000| Untracked 
|  40|0x0000000709a00000, 0x0000000709a00000, 0x0000000709c00000|  0%| F|  |TAMS 0x0000000709a00000, 0x0000000709a00000| Untracked 
|  41|0x0000000709c00000, 0x0000000709c00000, 0x0000000709e00000|  0%| F|  |TAMS 0x0000000709c00000, 0x0000000709c00000| Untracked 
|  42|0x0000000709e00000, 0x0000000709e00000, 0x000000070a000000|  0%| F|  |TAMS 0x0000000709e00000, 0x0000000709e00000| Untracked 
|  43|0x000000070a000000, 0x000000070a000000, 0x000000070a200000|  0%| F|  |TAMS 0x000000070a000000, 0x000000070a000000| Untracked 
|  44|0x000000070a200000, 0x000000070a200000, 0x000000070a400000|  0%| F|  |TAMS 0x000000070a200000, 0x000000070a200000| Untracked 
|  45|0x000000070a400000, 0x000000070a400000, 0x000000070a600000|  0%| F|  |TAMS 0x000000070a400000, 0x000000070a400000| Untracked 
|  46|0x000000070a600000, 0x000000070a600000, 0x000000070a800000|  0%| F|  |TAMS 0x000000070a600000, 0x000000070a600000| Untracked 
|  47|0x000000070a800000, 0x000000070a800000, 0x000000070aa00000|  0%| F|  |TAMS 0x000000070a800000, 0x000000070a800000| Untracked 
|  48|0x000000070aa00000, 0x000000070aa00000, 0x000000070ac00000|  0%| F|  |TAMS 0x000000070aa00000, 0x000000070aa00000| Untracked 
|  49|0x000000070ac00000, 0x000000070ac00000, 0x000000070ae00000|  0%| F|  |TAMS 0x000000070ac00000, 0x000000070ac00000| Untracked 
|  50|0x000000070ae00000, 0x000000070ae00000, 0x000000070b000000|  0%| F|  |TAMS 0x000000070ae00000, 0x000000070ae00000| Untracked 
|  51|0x000000070b000000, 0x000000070b000000, 0x000000070b200000|  0%| F|  |TAMS 0x000000070b000000, 0x000000070b000000| Untracked 
|  52|0x000000070b200000, 0x000000070b200000, 0x000000070b400000|  0%| F|  |TAMS 0x000000070b200000, 0x000000070b200000| Untracked 
|  53|0x000000070b400000, 0x000000070b400000, 0x000000070b600000|  0%| F|  |TAMS 0x000000070b400000, 0x000000070b400000| Untracked 
|  54|0x000000070b600000, 0x000000070b600000, 0x000000070b800000|  0%| F|  |TAMS 0x000000070b600000, 0x000000070b600000| Untracked 
|  55|0x000000070b800000, 0x000000070b800000, 0x000000070ba00000|  0%| F|  |TAMS 0x000000070b800000, 0x000000070b800000| Untracked 
|  56|0x000000070ba00000, 0x000000070ba00000, 0x000000070bc00000|  0%| F|  |TAMS 0x000000070ba00000, 0x000000070ba00000| Untracked 
|  57|0x000000070bc00000, 0x000000070bc00000, 0x000000070be00000|  0%| F|  |TAMS 0x000000070bc00000, 0x000000070bc00000| Untracked 
|  58|0x000000070be00000, 0x000000070be00000, 0x000000070c000000|  0%| F|  |TAMS 0x000000070be00000, 0x000000070be00000| Untracked 
|  59|0x000000070c000000, 0x000000070c000000, 0x000000070c200000|  0%| F|  |TAMS 0x000000070c000000, 0x000000070c000000| Untracked 
|  60|0x000000070c200000, 0x000000070c200000, 0x000000070c400000|  0%| F|  |TAMS 0x000000070c200000, 0x000000070c200000| Untracked 
|  61|0x000000070c400000, 0x000000070c400000, 0x000000070c600000|  0%| F|  |TAMS 0x000000070c400000, 0x000000070c400000| Untracked 
|  62|0x000000070c600000, 0x000000070c600000, 0x000000070c800000|  0%| F|  |TAMS 0x000000070c600000, 0x000000070c600000| Untracked 
|  63|0x000000070c800000, 0x000000070c800000, 0x000000070ca00000|  0%| F|  |TAMS 0x000000070c800000, 0x000000070c800000| Untracked 
|  64|0x000000070ca00000, 0x000000070ca00000, 0x000000070cc00000|  0%| F|  |TAMS 0x000000070ca00000, 0x000000070ca00000| Untracked 
|  65|0x000000070cc00000, 0x000000070cc00000, 0x000000070ce00000|  0%| F|  |TAMS 0x000000070cc00000, 0x000000070cc00000| Untracked 
|  66|0x000000070ce00000, 0x000000070ce00000, 0x000000070d000000|  0%| F|  |TAMS 0x000000070ce00000, 0x000000070ce00000| Untracked 
|  67|0x000000070d000000, 0x000000070d000000, 0x000000070d200000|  0%| F|  |TAMS 0x000000070d000000, 0x000000070d000000| Untracked 
|  68|0x000000070d200000, 0x000000070d200000, 0x000000070d400000|  0%| F|  |TAMS 0x000000070d200000, 0x000000070d200000| Untracked 
|  69|0x000000070d400000, 0x000000070d400000, 0x000000070d600000|  0%| F|  |TAMS 0x000000070d400000, 0x000000070d400000| Untracked 
|  70|0x000000070d600000, 0x000000070d600000, 0x000000070d800000|  0%| F|  |TAMS 0x000000070d600000, 0x000000070d600000| Untracked 
|  71|0x000000070d800000, 0x000000070d800000, 0x000000070da00000|  0%| F|  |TAMS 0x000000070d800000, 0x000000070d800000| Untracked 
|  72|0x000000070da00000, 0x000000070da00000, 0x000000070dc00000|  0%| F|  |TAMS 0x000000070da00000, 0x000000070da00000| Untracked 
|  73|0x000000070dc00000, 0x000000070dc00000, 0x000000070de00000|  0%| F|  |TAMS 0x000000070dc00000, 0x000000070dc00000| Untracked 
|  74|0x000000070de00000, 0x000000070de00000, 0x000000070e000000|  0%| F|  |TAMS 0x000000070de00000, 0x000000070de00000| Untracked 
|  75|0x000000070e000000, 0x000000070e000000, 0x000000070e200000|  0%| F|  |TAMS 0x000000070e000000, 0x000000070e000000| Untracked 
|  76|0x000000070e200000, 0x000000070e200000, 0x000000070e400000|  0%| F|  |TAMS 0x000000070e200000, 0x000000070e200000| Untracked 
|  77|0x000000070e400000, 0x000000070e400000, 0x000000070e600000|  0%| F|  |TAMS 0x000000070e400000, 0x000000070e400000| Untracked 
|  78|0x000000070e600000, 0x000000070e600000, 0x000000070e800000|  0%| F|  |TAMS 0x000000070e600000, 0x000000070e600000| Untracked 
|  79|0x000000070e800000, 0x000000070e800000, 0x000000070ea00000|  0%| F|  |TAMS 0x000000070e800000, 0x000000070e800000| Untracked 
|  80|0x000000070ea00000, 0x000000070ea00000, 0x000000070ec00000|  0%| F|  |TAMS 0x000000070ea00000, 0x000000070ea00000| Untracked 
|  81|0x000000070ec00000, 0x000000070ec00000, 0x000000070ee00000|  0%| F|  |TAMS 0x000000070ec00000, 0x000000070ec00000| Untracked 
|  82|0x000000070ee00000, 0x000000070ee00000, 0x000000070f000000|  0%| F|  |TAMS 0x000000070ee00000, 0x000000070ee00000| Untracked 
|  83|0x000000070f000000, 0x000000070f000000, 0x000000070f200000|  0%| F|  |TAMS 0x000000070f000000, 0x000000070f000000| Untracked 
|  84|0x000000070f200000, 0x000000070f200000, 0x000000070f400000|  0%| F|  |TAMS 0x000000070f200000, 0x000000070f200000| Untracked 
|  85|0x000000070f400000, 0x000000070f400000, 0x000000070f600000|  0%| F|  |TAMS 0x000000070f400000, 0x000000070f400000| Untracked 
|  86|0x000000070f600000, 0x000000070f600000, 0x000000070f800000|  0%| F|  |TAMS 0x000000070f600000, 0x000000070f600000| Untracked 
|  87|0x000000070f800000, 0x000000070f800000, 0x000000070fa00000|  0%| F|  |TAMS 0x000000070f800000, 0x000000070f800000| Untracked 
|  88|0x000000070fa00000, 0x000000070fa00000, 0x000000070fc00000|  0%| F|  |TAMS 0x000000070fa00000, 0x000000070fa00000| Untracked 
|  89|0x000000070fc00000, 0x000000070fc00000, 0x000000070fe00000|  0%| F|  |TAMS 0x000000070fc00000, 0x000000070fc00000| Untracked 
|  90|0x000000070fe00000, 0x000000070fe00000, 0x0000000710000000|  0%| F|  |TAMS 0x000000070fe00000, 0x000000070fe00000| Untracked 
|  91|0x0000000710000000, 0x0000000710000000, 0x0000000710200000|  0%| F|  |TAMS 0x0000000710000000, 0x0000000710000000| Untracked 
|  92|0x0000000710200000, 0x0000000710200000, 0x0000000710400000|  0%| F|  |TAMS 0x0000000710200000, 0x0000000710200000| Untracked 
|  93|0x0000000710400000, 0x0000000710400000, 0x0000000710600000|  0%| F|  |TAMS 0x0000000710400000, 0x0000000710400000| Untracked 
|  94|0x0000000710600000, 0x0000000710600000, 0x0000000710800000|  0%| F|  |TAMS 0x0000000710600000, 0x0000000710600000| Untracked 
|  95|0x0000000710800000, 0x0000000710800000, 0x0000000710a00000|  0%| F|  |TAMS 0x0000000710800000, 0x0000000710800000| Untracked 
|  96|0x0000000710a00000, 0x0000000710a00000, 0x0000000710c00000|  0%| F|  |TAMS 0x0000000710a00000, 0x0000000710a00000| Untracked 
|  97|0x0000000710c00000, 0x0000000710c00000, 0x0000000710e00000|  0%| F|  |TAMS 0x0000000710c00000, 0x0000000710c00000| Untracked 
|  98|0x0000000710e00000, 0x0000000710e00000, 0x0000000711000000|  0%| F|  |TAMS 0x0000000710e00000, 0x0000000710e00000| Untracked 
|  99|0x0000000711000000, 0x0000000711000000, 0x0000000711200000|  0%| F|  |TAMS 0x0000000711000000, 0x0000000711000000| Untracked 
| 100|0x0000000711200000, 0x0000000711200000, 0x0000000711400000|  0%| F|  |TAMS 0x0000000711200000, 0x0000000711200000| Untracked 
| 101|0x0000000711400000, 0x0000000711400000, 0x0000000711600000|  0%| F|  |TAMS 0x0000000711400000, 0x0000000711400000| Untracked 
| 102|0x0000000711600000, 0x0000000711600000, 0x0000000711800000|  0%| F|  |TAMS 0x0000000711600000, 0x0000000711600000| Untracked 
| 103|0x0000000711800000, 0x0000000711800000, 0x0000000711a00000|  0%| F|  |TAMS 0x0000000711800000, 0x0000000711800000| Untracked 
| 104|0x0000000711a00000, 0x0000000711a00000, 0x0000000711c00000|  0%| F|  |TAMS 0x0000000711a00000, 0x0000000711a00000| Untracked 
| 105|0x0000000711c00000, 0x0000000711c00000, 0x0000000711e00000|  0%| F|  |TAMS 0x0000000711c00000, 0x0000000711c00000| Untracked 
| 106|0x0000000711e00000, 0x0000000711e00000, 0x0000000712000000|  0%| F|  |TAMS 0x0000000711e00000, 0x0000000711e00000| Untracked 
| 107|0x0000000712000000, 0x0000000712000000, 0x0000000712200000|  0%| F|  |TAMS 0x0000000712000000, 0x0000000712000000| Untracked 
| 108|0x0000000712200000, 0x0000000712200000, 0x0000000712400000|  0%| F|  |TAMS 0x0000000712200000, 0x0000000712200000| Untracked 
| 109|0x0000000712400000, 0x0000000712400000, 0x0000000712600000|  0%| F|  |TAMS 0x0000000712400000, 0x0000000712400000| Untracked 
| 110|0x0000000712600000, 0x000000071270eaf8, 0x0000000712800000| 52%| S|CS|TAMS 0x0000000712600000, 0x0000000712600000| Complete 
| 111|0x0000000712800000, 0x0000000712a00000, 0x0000000712a00000|100%| S|CS|TAMS 0x0000000712800000, 0x0000000712800000| Complete 
| 112|0x0000000712a00000, 0x0000000712a00000, 0x0000000712c00000|  0%| F|  |TAMS 0x0000000712a00000, 0x0000000712a00000| Untracked 
| 113|0x0000000712c00000, 0x0000000712d62360, 0x0000000712e00000| 69%| E|  |TAMS 0x0000000712c00000, 0x0000000712c00000| Complete 
| 114|0x0000000712e00000, 0x0000000713000000, 0x0000000713000000|100%| E|CS|TAMS 0x0000000712e00000, 0x0000000712e00000| Complete 
| 115|0x0000000713000000, 0x0000000713200000, 0x0000000713200000|100%| E|CS|TAMS 0x0000000713000000, 0x0000000713000000| Complete 
| 116|0x0000000713200000, 0x0000000713400000, 0x0000000713400000|100%| E|CS|TAMS 0x0000000713200000, 0x0000000713200000| Complete 
| 117|0x0000000713400000, 0x0000000713600000, 0x0000000713600000|100%| E|CS|TAMS 0x0000000713400000, 0x0000000713400000| Complete 
| 118|0x0000000713600000, 0x0000000713800000, 0x0000000713800000|100%| E|CS|TAMS 0x0000000713600000, 0x0000000713600000| Complete 
| 119|0x0000000713800000, 0x0000000713a00000, 0x0000000713a00000|100%| E|  |TAMS 0x0000000713800000, 0x0000000713800000| Complete 
| 120|0x0000000713a00000, 0x0000000713c00000, 0x0000000713c00000|100%| E|CS|TAMS 0x0000000713a00000, 0x0000000713a00000| Complete 
| 121|0x0000000713c00000, 0x0000000713e00000, 0x0000000713e00000|100%| E|CS|TAMS 0x0000000713c00000, 0x0000000713c00000| Complete 
| 122|0x0000000713e00000, 0x0000000714000000, 0x0000000714000000|100%| E|CS|TAMS 0x0000000713e00000, 0x0000000713e00000| Complete 
| 123|0x0000000714000000, 0x0000000714200000, 0x0000000714200000|100%| E|CS|TAMS 0x0000000714000000, 0x0000000714000000| Complete 
| 124|0x0000000714200000, 0x0000000714400000, 0x0000000714400000|100%| E|CS|TAMS 0x0000000714200000, 0x0000000714200000| Complete 
| 125|0x0000000714400000, 0x0000000714600000, 0x0000000714600000|100%| E|CS|TAMS 0x0000000714400000, 0x0000000714400000| Complete 

Card table byte_map: [0x000001a67b740000,0x000001a67bf20000] _byte_map_base: 0x000001a677f1b000

Marking Bits (Prev, Next): (CMBitMap*) 0x000001a67af0b980, (CMBitMap*) 0x000001a67af0b9c0
 Prev Bits: [0x000001a616ea0000, 0x000001a61ad78000)
 Next Bits: [0x000001a61ad80000, 0x000001a61ec58000)

Polling page: 0x000001a678dd0000

Metaspace:

Usage:
  Non-class:     16.97 MB used.
      Class:      2.14 MB used.
       Both:     19.11 MB used.

Virtual space:
  Non-class space:       64.00 MB reserved,      17.19 MB ( 27%) committed,  1 nodes.
      Class space:        1.00 GB reserved,       2.31 MB ( <1%) committed,  1 nodes.
             Both:        1.06 GB reserved,      19.50 MB (  2%) committed. 

Chunk freelists:
   Non-Class:  2.49 MB
       Class:  1.68 MB
        Both:  4.17 MB

MaxMetaspaceSize: unlimited
CompressedClassSpaceSize: 1.00 GB
Initial GC threshold: 21.00 MB
Current GC threshold: 21.00 MB
CDS: on
MetaspaceReclaimPolicy: balanced
 - commit_granule_bytes: 65536.
 - commit_granule_words: 8192.
 - virtual_space_node_default_size: 8388608.
 - enlarge_chunks_in_place: 1.
 - new_chunks_are_fully_committed: 0.
 - uncommit_free_chunks: 1.
 - use_allocation_guard: 0.


Internal statistics:

num_allocs_failed_limit: 0.
num_arena_births: 414.
num_arena_deaths: 0.
num_vsnodes_births: 2.
num_vsnodes_deaths: 0.
num_space_committed: 312.
num_space_uncommitted: 0.
num_chunks_returned_to_freelist: 0.
num_chunks_taken_from_freelist: 934.
num_chunk_merges: 0.
num_chunk_splits: 638.
num_chunks_enlarged: 448.
num_inconsistent_stats: 0.

CodeHeap 'non-profiled nmethods': size=120000Kb used=1036Kb max_used=1036Kb free=118963Kb
 bounds [0x000001a60f970000, 0x000001a60fbe0000, 0x000001a616ea0000]
CodeHeap 'profiled nmethods': size=120000Kb used=5024Kb max_used=5024Kb free=114976Kb
 bounds [0x000001a607ea0000, 0x000001a608390000, 0x000001a60f3d0000]
CodeHeap 'non-nmethods': size=5760Kb used=1345Kb max_used=1351Kb free=4414Kb
 bounds [0x000001a60f3d0000, 0x000001a60f640000, 0x000001a60f970000]
 total_blobs=3172 nmethods=2591 adapters=491
 compilation: enabled
              stopped_count=0, restarted_count=0
 full_count=0

Compilation events (20 events):
Event: 3.681 Thread 0x000001a67ec11be0 nmethod 2544 0x000001a608370310 code [0x000001a608370500, 0x000001a6083709f8]
Event: 3.681 Thread 0x000001a67ec11be0 2545       3       jdk.jfr.internal.jfc.model.XmlSetting::setContent (28 bytes)
Event: 3.682 Thread 0x000001a67ec11be0 nmethod 2545 0x000001a608370b90 code [0x000001a608370d80, 0x000001a6083712d8]
Event: 3.682 Thread 0x000001a67ec11be0 2546       3       jdk.jfr.internal.jfc.model.SettingsLog::log (21 bytes)
Event: 3.682 Thread 0x000001a67ec11be0 nmethod 2546 0x000001a608371410 code [0x000001a6083715e0, 0x000001a608371818]
Event: 3.682 Thread 0x000001a67ec11be0 2547       3       java.util.List::of (10 bytes)
Event: 3.682 Thread 0x000001a67ec11be0 nmethod 2547 0x000001a608371990 code [0x000001a608371ba0, 0x000001a608372258]
Event: 3.684 Thread 0x000001a67ec11be0 2548       3       jdk.jfr.internal.jfc.model.XmlConfiguration::constraints (14 bytes)
Event: 3.685 Thread 0x000001a67ec11be0 nmethod 2548 0x000001a608372490 code [0x000001a6083726c0, 0x000001a608372e78]
Event: 3.685 Thread 0x000001a67ec11be0 2549       3       jdk.jfr.internal.jfc.model.XmlEvent::<init> (5 bytes)
Event: 3.685 Thread 0x000001a67ec11be0 nmethod 2549 0x000001a608373110 code [0x000001a6083732c0, 0x000001a608373408]
Event: 3.690 Thread 0x000001a67ec11be0 2551       3       jdk.jfr.internal.jfc.model.Constraint::<init> (20 bytes)
Event: 3.691 Thread 0x000001a67ec11be0 nmethod 2551 0x000001a608373490 code [0x000001a608373640, 0x000001a608373878]
Event: 3.694 Thread 0x000001a67ec11be0 2554       3       jdk.jfr.internal.jfc.model.XmlElement::constraints (4 bytes)
Event: 3.694 Thread 0x000001a67ec11be0 nmethod 2554 0x000001a608373990 code [0x000001a608373b40, 0x000001a608373cb8]
Event: 3.694 Thread 0x000001a67ec11be0 2555       3       jdk.jfr.internal.jfc.model.XmlSetting::attributes (6 bytes)
Event: 3.694 Thread 0x000001a67ec11be0 nmethod 2555 0x000001a608373d90 code [0x000001a608373f80, 0x000001a608374478]
Event: 3.695 Thread 0x000001a67ec11be0 2556       3       jdk.jfr.internal.jfc.model.XmlElement::count (52 bytes)
Event: 3.696 Thread 0x000001a67ec11be0 nmethod 2556 0x000001a608374610 code [0x000001a608374800, 0x000001a608374dd8]
Event: 3.696 Thread 0x000001a67ec11be0 2557       3       jdk.jfr.internal.jfc.model.XmlEvent::attributes (6 bytes)

GC Heap History (6 events):
Event: 0.959 GC heap before
{Heap before GC invocations=0 (full 0):
 garbage-first heap   total 258048K, used 10240K [0x0000000704a00000, 0x0000000800000000)
  region size 2048K, 6 young (12288K), 0 survivors (0K)
 Metaspace       used 4325K, committed 4480K, reserved 1114112K
  class space    used 436K, committed 512K, reserved 1048576K
}
Event: 0.964 GC heap after
{Heap after GC invocations=1 (full 0):
 garbage-first heap   total 258048K, used 5660K [0x0000000704a00000, 0x0000000800000000)
  region size 2048K, 1 young (2048K), 1 survivors (2048K)
 Metaspace       used 4325K, committed 4480K, reserved 1114112K
  class space    used 436K, committed 512K, reserved 1048576K
}
Event: 1.567 GC heap before
{Heap before GC invocations=1 (full 0):
 garbage-first heap   total 258048K, used 15900K [0x0000000704a00000, 0x0000000800000000)
  region size 2048K, 6 young (12288K), 1 survivors (2048K)
 Metaspace       used 7325K, committed 7616K, reserved 1114112K
  class space    used 807K, committed 960K, reserved 1048576K
}
Event: 1.570 GC heap after
{Heap after GC invocations=2 (full 0):
 garbage-first heap   total 258048K, used 6570K [0x0000000704a00000, 0x0000000800000000)
  region size 2048K, 1 young (2048K), 1 survivors (2048K)
 Metaspace       used 7325K, committed 7616K, reserved 1114112K
  class space    used 807K, committed 960K, reserved 1048576K
}
Event: 2.543 GC heap before
{Heap before GC invocations=2 (full 0):
 garbage-first heap   total 258048K, used 33194K [0x0000000704a00000, 0x0000000800000000)
  region size 2048K, 14 young (28672K), 1 survivors (2048K)
 Metaspace       used 11687K, committed 12032K, reserved 1114112K
  class space    used 1294K, committed 1472K, reserved 1048576K
}
Event: 2.548 GC heap after
{Heap after GC invocations=3 (full 0):
 garbage-first heap   total 258048K, used 8857K [0x0000000704a00000, 0x0000000800000000)
  region size 2048K, 2 young (4096K), 2 survivors (4096K)
 Metaspace       used 11687K, committed 12032K, reserved 1114112K
  class space    used 1294K, committed 1472K, reserved 1048576K
}

Dll operation events (10 events):
Event: 0.012 Loaded shared library C:\Program Files\Java\jdk-19\bin\java.dll
Event: 0.030 Loaded shared library C:\Program Files\Java\jdk-19\bin\jsvml.dll
Event: 0.191 Loaded shared library C:\Program Files\Java\jdk-19\bin\net.dll
Event: 0.194 Loaded shared library C:\Program Files\Java\jdk-19\bin\nio.dll
Event: 0.202 Loaded shared library C:\Program Files\Java\jdk-19\bin\zip.dll
Event: 0.561 Loaded shared library C:\Program Files\Java\jdk-19\bin\jimage.dll
Event: 0.624 Loaded shared library C:\Program Files\Java\jdk-19\bin\verify.dll
Event: 0.806 Loaded shared library C:\Program Files\Java\jdk-19\bin\extnet.dll
Event: 3.009 Loaded shared library C:\Program Files\Java\jdk-19\bin\management.dll
Event: 3.016 Loaded shared library C:\Program Files\Java\jdk-19\bin\management_ext.dll

Deoptimization events (20 events):
Event: 3.422 Thread 0x000001a67ae9dd80 DEOPT PACKING pc=0x000001a60fa69d84 sp=0x00000094cddfd560
Event: 3.422 Thread 0x000001a67ae9dd80 DEOPT UNPACKING pc=0x000001a60f436da3 sp=0x00000094cddfd428 mode 2
Event: 3.445 Thread 0x000001a67ae9dd80 Uncommon trap: trap_request=0xffffff45 fr.pc=0x000001a60fa0d9bc relative=0x000000000000019c
Event: 3.445 Thread 0x000001a67ae9dd80 Uncommon trap: reason=unstable_if action=reinterpret pc=0x000001a60fa0d9bc method=java.lang.StringLatin1.regionMatchesCI([BI[BII)Z @ 72 c2
Event: 3.445 Thread 0x000001a67ae9dd80 DEOPT PACKING pc=0x000001a60fa0d9bc sp=0x00000094cddfd480
Event: 3.445 Thread 0x000001a67ae9dd80 DEOPT UNPACKING pc=0x000001a60f436da3 sp=0x00000094cddfd410 mode 2
Event: 3.480 Thread 0x000001a67ae9dd80 DEOPT PACKING pc=0x000001a60826f735 sp=0x00000094cddf8c70
Event: 3.480 Thread 0x000001a67ae9dd80 DEOPT UNPACKING pc=0x000001a60f437543 sp=0x00000094cddf80f8 mode 0
Event: 3.551 Thread 0x000001a67ae9dd80 Uncommon trap: trap_request=0xffffffc6 fr.pc=0x000001a60fa64590 relative=0x0000000000000870
Event: 3.551 Thread 0x000001a67ae9dd80 Uncommon trap: reason=bimorphic_or_optimized_type_check action=maybe_recompile pc=0x000001a60fa64590 method=java.util.HashMap.putVal(ILjava/lang/Object;Ljava/lang/Object;ZZ)Ljava/lang/Object; @ 203 c2
Event: 3.551 Thread 0x000001a67ae9dd80 DEOPT PACKING pc=0x000001a60fa64590 sp=0x00000094cddfccb0
Event: 3.551 Thread 0x000001a67ae9dd80 DEOPT UNPACKING pc=0x000001a60f436da3 sp=0x00000094cddfcc40 mode 2
Event: 3.568 Thread 0x000001a67ae9dd80 Uncommon trap: trap_request=0xffffffc6 fr.pc=0x000001a60fa64590 relative=0x0000000000000870
Event: 3.568 Thread 0x000001a67ae9dd80 Uncommon trap: reason=bimorphic_or_optimized_type_check action=maybe_recompile pc=0x000001a60fa64590 method=java.util.HashMap.putVal(ILjava/lang/Object;Ljava/lang/Object;ZZ)Ljava/lang/Object; @ 203 c2
Event: 3.568 Thread 0x000001a67ae9dd80 DEOPT PACKING pc=0x000001a60fa64590 sp=0x00000094cddfcce0
Event: 3.568 Thread 0x000001a67ae9dd80 DEOPT UNPACKING pc=0x000001a60f436da3 sp=0x00000094cddfcc70 mode 2
Event: 3.628 Thread 0x000001a67ae9dd80 Uncommon trap: trap_request=0xffffff45 fr.pc=0x000001a60fa082a4 relative=0x0000000000000084
Event: 3.628 Thread 0x000001a67ae9dd80 Uncommon trap: reason=unstable_if action=reinterpret pc=0x000001a60fa082a4 method=java.lang.CharacterDataLatin1.isWhitespace(I)Z @ 14 c2
Event: 3.628 Thread 0x000001a67ae9dd80 DEOPT PACKING pc=0x000001a60fa082a4 sp=0x00000094cddfbe30
Event: 3.628 Thread 0x000001a67ae9dd80 DEOPT UNPACKING pc=0x000001a60f436da3 sp=0x00000094cddfbdb0 mode 2

Classes loaded (20 events):
Event: 3.668 Loading class jdk/jfr/internal/jfc/model/XmlExpression done
Event: 3.668 Loading class jdk/jfr/internal/jfc/model/XmlCondition done
Event: 3.668 Loading class jdk/jfr/internal/jfc/model/XmlText
Event: 3.668 Loading class jdk/jfr/internal/jfc/model/XmlInput
Event: 3.669 Loading class jdk/jfr/internal/jfc/model/XmlInput done
Event: 3.669 Loading class jdk/jfr/internal/jfc/model/XmlText done
Event: 3.669 Loading class jdk/jfr/internal/jfc/model/XmlSelection
Event: 3.669 Loading class jdk/jfr/internal/jfc/model/XmlSelection done
Event: 3.669 Loading class jdk/jfr/internal/jfc/model/XmlFlag
Event: 3.669 Loading class jdk/jfr/internal/jfc/model/XmlFlag done
Event: 3.669 Loading class jdk/jfr/internal/jfc/model/XmlOption
Event: 3.669 Loading class jdk/jfr/internal/jfc/model/XmlOption done
Event: 3.670 Loading class jdk/jfr/internal/jfc/model/XmlOr
Event: 3.670 Loading class jdk/jfr/internal/jfc/model/XmlOr done
Event: 3.670 Loading class jdk/jfr/internal/jfc/model/XmlAnd
Event: 3.670 Loading class jdk/jfr/internal/jfc/model/XmlAnd done
Event: 3.670 Loading class jdk/jfr/internal/jfc/model/XmlTest
Event: 3.670 Loading class jdk/jfr/internal/jfc/model/XmlTest done
Event: 3.670 Loading class jdk/jfr/internal/jfc/model/XmlNot
Event: 3.670 Loading class jdk/jfr/internal/jfc/model/XmlNot done

Classes unloaded (0 events):
No events

Classes redefined (0 events):
No events

Internal exceptions (20 events):
Event: 2.139 Thread 0x000001a67ae9dd80 Exception <a 'java/lang/IncompatibleClassChangeError'{0x00000007136339c8}: Found class java.lang.Object, but interface was expected> (0x00000007136339c8) 
thrown [s\open\src\hotspot\share\interpreter\linkResolver.cpp, line 841]
Event: 2.140 Thread 0x000001a67ae9dd80 Exception <a 'java/lang/NoSuchMethodError'{0x0000000713636b00}: 'int java.lang.invoke.DirectMethodHandle$Holder.invokeSpecial(java.lang.Object, java.lang.Object, java.lang.Object, java.lang.Object, java.lang.Object)'> (0x0000000713636b00) 
thrown [s\open\src\hotspot\share\interpreter\linkResolver.cpp, line 774]
Event: 2.153 Thread 0x000001a67ae9dd80 Exception <a 'java/lang/NoSuchMethodError'{0x000000071366a170}: 'long java.lang.invoke.DelegatingMethodHandle$Holder.reinvoke_L(java.lang.Object, java.lang.Object)'> (0x000000071366a170) 
thrown [s\open\src\hotspot\share\interpreter\linkResolver.cpp, line 774]
Event: 2.154 Thread 0x000001a67ae9dd80 Exception <a 'java/lang/NoSuchMethodError'{0x0000000713674720}: 'void java.lang.invoke.DelegatingMethodHandle$Holder.reinvoke_L(java.lang.Object, java.lang.Object, long)'> (0x0000000713674720) 
thrown [s\open\src\hotspot\share\interpreter\linkResolver.cpp, line 774]
Event: 2.155 Thread 0x000001a67ae9dd80 Exception <a 'java/lang/NoSuchMethodError'{0x000000071367b558}: 'long java.lang.invoke.Invokers$Holder.invokeExact_MT(java.lang.Object, java.lang.Object, java.lang.Object)'> (0x000000071367b558) 
thrown [s\open\src\hotspot\share\interpreter\linkResolver.cpp, line 774]
Event: 2.166 Thread 0x000001a67ae9dd80 Exception <a 'java/lang/NoSuchMethodError'{0x00000007136ac628}: 'void java.lang.invoke.DirectMethodHandle$Holder.invokeVirtual(java.lang.Object, java.lang.Object)'> (0x00000007136ac628) 
thrown [s\open\src\hotspot\share\interpreter\linkResolver.cpp, line 774]
Event: 2.260 Thread 0x000001a67ae9dd80 Implicit null exception at 0x000001a60fa014d8 to 0x000001a60fa0156e
Event: 2.287 Thread 0x000001a67ae9dd80 Implicit null exception at 0x000001a60fa00e6d to 0x000001a60fa0102c
Event: 2.287 Thread 0x000001a67ae9dd80 Implicit null exception at 0x000001a60f9e40ed to 0x000001a60f9e42a8
Event: 2.633 Thread 0x000001a67ae9dd80 Exception <a 'java/lang/NoSuchMethodError'{0x0000000714326360}: 'java.lang.Object java.lang.invoke.DirectMethodHandle$Holder.invokeStaticInit(java.lang.Object)'> (0x0000000714326360) 
thrown [s\open\src\hotspot\share\interpreter\linkResolver.cpp, line 774]
Event: 2.655 Thread 0x000001a67ae9dd80 Exception <a 'java/lang/NoSuchMethodError'{0x0000000714378228}: 'int java.lang.invoke.DirectMethodHandle$Holder.invokeStatic(java.lang.Object)'> (0x0000000714378228) 
thrown [s\open\src\hotspot\share\interpreter\linkResolver.cpp, line 774]
Event: 2.656 Thread 0x000001a67ae9dd80 Exception <a 'java/lang/NoSuchMethodError'{0x000000071437b8d8}: 'int java.lang.invoke.DirectMethodHandle$Holder.invokeStaticInit(java.lang.Object)'> (0x000000071437b8d8) 
thrown [s\open\src\hotspot\share\interpreter\linkResolver.cpp, line 774]
Event: 2.678 Thread 0x000001a67ae9dd80 Exception <a 'java/lang/NoSuchMethodError'{0x00000007143cc540}: 'java.lang.Object java.lang.invoke.DirectMethodHandle$Holder.invokeStatic(java.lang.Object, java.lang.Object, int)'> (0x00000007143cc540) 
thrown [s\open\src\hotspot\share\interpreter\linkResolver.cpp, line 774]
Event: 2.680 Thread 0x000001a67ae9dd80 Exception <a 'java/lang/NoSuchMethodError'{0x00000007143d7850}: 'void java.lang.invoke.DelegatingMethodHandle$Holder.delegate(java.lang.Object, java.lang.Object, int, java.lang.Object)'> (0x00000007143d7850) 
thrown [s\open\src\hotspot\share\interpreter\linkResolver.cpp, line 774]
Event: 2.698 Thread 0x000001a67ae9dd80 Exception <a 'java/lang/IncompatibleClassChangeError'{0x00000007140177c8}: Found class java.lang.Object, but interface was expected> (0x00000007140177c8) 
thrown [s\open\src\hotspot\share\interpreter\linkResolver.cpp, line 841]
Event: 2.963 Thread 0x000001a67ae9dd80 Exception <a 'java/lang/NoSuchMethodError'{0x0000000713adfc98}: 'java.lang.Object java.lang.invoke.DirectMethodHandle$Holder.newInvokeSpecial(java.lang.Object, long, int, java.lang.Object)'> (0x0000000713adfc98) 
thrown [s\open\src\hotspot\share\interpreter\linkResolver.cpp, line 774]
Event: 2.985 Thread 0x000001a67ae9dd80 Exception <a 'java/lang/NoSuchMethodError'{0x0000000713b36330}: 'void java.lang.invoke.DirectMethodHandle$Holder.invokeStaticInit(java.lang.Object, java.lang.Object, java.lang.Object, java.lang.Object)'> (0x0000000713b36330) 
thrown [s\open\src\hotspot\share\interpreter\linkResolver.cpp, line 774]
Event: 3.124 Thread 0x000001a67ae9dd80 Exception <a 'java/lang/NoSuchMethodError'{0x000000071394fa28}: 'java.lang.Object java.lang.invoke.Invokers$Holder.invokeExact_MT(java.lang.Object, java.lang.Object, java.lang.Object, java.lang.Object, java.lang.Object)'> (0x000000071394fa28) 
thrown [s\open\src\hotspot\share\interpreter\linkResolver.cpp, line 774]
Event: 3.520 Thread 0x000001a67ae9dd80 Exception <a 'java/lang/IncompatibleClassChangeError'{0x000000071319a968}: Found class java.lang.Object, but interface was expected> (0x000000071319a968) 
thrown [s\open\src\hotspot\share\interpreter\linkResolver.cpp, line 841]
Event: 3.600 Thread 0x000001a67ae9dd80 Exception <a 'java/lang/NoSuchMethodError'{0x0000000712e33c78}: 'java.lang.Object java.lang.invoke.DirectMethodHandle$Holder.invokeStaticInit(java.lang.Object, java.lang.Object, java.lang.Object)'> (0x0000000712e33c78) 
thrown [s\open\src\hotspot\share\interpreter\linkResolver.cpp, line 774]

VM Operations (20 events):
Event: 1.493 Executing VM operation: HandshakeAllThreads
Event: 1.493 Executing VM operation: HandshakeAllThreads done
Event: 1.567 Executing VM operation: G1CollectForAllocation
Event: 1.571 Executing VM operation: G1CollectForAllocation done
Event: 1.853 Executing VM operation: HandshakeAllThreads
Event: 1.853 Executing VM operation: HandshakeAllThreads done
Event: 2.384 Executing VM operation: ICBufferFull
Event: 2.385 Executing VM operation: ICBufferFull done
Event: 2.543 Executing VM operation: G1CollectForAllocation
Event: 2.548 Executing VM operation: G1CollectForAllocation done
Event: 2.642 Executing VM operation: HandshakeAllThreads
Event: 2.642 Executing VM operation: HandshakeAllThreads done
Event: 2.661 Executing VM operation: HandshakeAllThreads
Event: 2.661 Executing VM operation: HandshakeAllThreads done
Event: 2.662 Executing VM operation: HandshakeAllThreads
Event: 2.662 Executing VM operation: HandshakeAllThreads done
Event: 2.678 Executing VM operation: HandshakeAllThreads
Event: 2.678 Executing VM operation: HandshakeAllThreads done
Event: 3.675 Executing VM operation: ICBufferFull
Event: 3.676 Executing VM operation: ICBufferFull done

Events (19 events):
Event: 0.030 Thread 0x000001a67ae9dd80 Thread added: 0x000001a67ae9dd80
Event: 0.058 Thread 0x000001a67ebd4180 Thread added: 0x000001a67ebd4180
Event: 0.058 Thread 0x000001a67ebd4ec0 Thread added: 0x000001a67ebd4ec0
Event: 0.059 Thread 0x000001a67ebd6f50 Thread added: 0x000001a67ebd6f50
Event: 0.059 Thread 0x000001a67ebd7ab0 Thread added: 0x000001a67ebd7ab0
Event: 0.059 Thread 0x000001a67ebd83e0 Thread added: 0x000001a67ebd83e0
Event: 0.059 Thread 0x000001a67ebe2a30 Thread added: 0x000001a67ebe2a30
Event: 0.059 Thread 0x000001a67ebf8ac0 Thread added: 0x000001a67ebf8ac0
Event: 0.060 Thread 0x000001a67ec11be0 Thread added: 0x000001a67ec11be0
Event: 0.060 Thread 0x000001a67ec2b420 Thread added: 0x000001a67ec2b420
Event: 0.178 Thread 0x000001a67ec2b970 Thread added: 0x000001a67ec2b970
Event: 0.185 Thread 0x000001a67ec2a980 Thread added: 0x000001a67ec2a980
Event: 0.684 Thread 0x000001a623562300 Thread added: 0x000001a623562300
Event: 0.820 Thread 0x000001a67ec2dea0 Thread added: 0x000001a67ec2dea0
Event: 1.207 Thread 0x000001a623562300 Thread exited: 0x000001a623562300
Event: 1.346 Thread 0x000001a623f961a0 Thread added: 0x000001a623f961a0
Event: 1.488 Thread 0x000001a67ec2c960 Thread added: 0x000001a67ec2c960
Event: 1.489 Thread 0x000001a67ec2bec0 Thread added: 0x000001a67ec2bec0
Event: 1.501 Thread 0x000001a67ec2aed0 Thread added: 0x000001a67ec2aed0


Dynamic libraries:
0x00007ff72f420000 - 0x00007ff72f430000 	C:\Program Files\Java\jdk-19\bin\javaw.exe
0x00007ffe17d50000 - 0x00007ffe17f48000 	C:\WINDOWS\SYSTEM32\ntdll.dll
0x00007ffe16a70000 - 0x00007ffe16b2d000 	C:\WINDOWS\System32\KERNEL32.DLL
0x00007ffe15440000 - 0x00007ffe15736000 	C:\WINDOWS\System32\KERNELBASE.dll
0x00007ffe158f0000 - 0x00007ffe159f0000 	C:\WINDOWS\System32\ucrtbase.dll
0x00007ffe10890000 - 0x00007ffe108ab000 	C:\Program Files\Java\jdk-19\bin\VCRUNTIME140.dll
0x00007ffe0f140000 - 0x00007ffe0f158000 	C:\Program Files\Java\jdk-19\bin\jli.dll
0x00007ffe16610000 - 0x00007ffe166c0000 	C:\WINDOWS\System32\ADVAPI32.dll
0x00007ffe172d0000 - 0x00007ffe1736e000 	C:\WINDOWS\System32\msvcrt.dll
0x00007ffe175c0000 - 0x00007ffe17660000 	C:\WINDOWS\System32\sechost.dll
0x00007ffe17660000 - 0x00007ffe17783000 	C:\WINDOWS\System32\RPCRT4.dll
0x00007ffe15410000 - 0x00007ffe15437000 	C:\WINDOWS\System32\bcrypt.dll
0x00007ffe17370000 - 0x00007ffe1750f000 	C:\WINDOWS\System32\USER32.dll
0x00007ffe15bb0000 - 0x00007ffe15bd2000 	C:\WINDOWS\System32\win32u.dll
0x00007ffe17ce0000 - 0x00007ffe17d0b000 	C:\WINDOWS\System32\GDI32.dll
0x00007ffe15be0000 - 0x00007ffe15cf7000 	C:\WINDOWS\System32\gdi32full.dll
0x00007ffe15aa0000 - 0x00007ffe15b3d000 	C:\WINDOWS\System32\msvcp_win.dll
0x00007ffe02d70000 - 0x00007ffe0300a000 	C:\WINDOWS\WinSxS\amd64_microsoft.windows.common-controls_6595b64144ccf1df_6.0.19041.4355_none_60b8b9eb71f62e16\COMCTL32.dll
0x00007ffe07330000 - 0x00007ffe0733a000 	C:\WINDOWS\SYSTEM32\VERSION.dll
0x00007ffe16880000 - 0x00007ffe168af000 	C:\WINDOWS\System32\IMM32.DLL
0x00007ffe10100000 - 0x00007ffe1010c000 	C:\Program Files\Java\jdk-19\bin\vcruntime140_1.dll
0x00007ffdf9170000 - 0x00007ffdf91fe000 	C:\Program Files\Java\jdk-19\bin\msvcp140.dll
0x00007ffdc2320000 - 0x00007ffdc2fe0000 	C:\Program Files\Java\jdk-19\bin\server\jvm.dll
0x00007ffdedc00000 - 0x00007ffdedc09000 	C:\WINDOWS\SYSTEM32\WSOCK32.dll
0x00007ffe039f0000 - 0x00007ffe03a17000 	C:\WINDOWS\SYSTEM32\WINMM.dll
0x00007ffe16350000 - 0x00007ffe163bb000 	C:\WINDOWS\System32\WS2_32.dll
0x00007ffe13470000 - 0x00007ffe13482000 	C:\WINDOWS\SYSTEM32\kernel.appcore.dll
0x00007ffe0fe10000 - 0x00007ffe0fe1a000 	C:\Program Files\Java\jdk-19\bin\jimage.dll
0x00007ffe0d2b0000 - 0x00007ffe0d494000 	C:\WINDOWS\SYSTEM32\DBGHELP.DLL
0x00007ffe0d560000 - 0x00007ffe0d594000 	C:\WINDOWS\SYSTEM32\dbgcore.DLL
0x00007ffe15d00000 - 0x00007ffe15d82000 	C:\WINDOWS\System32\bcryptPrimitives.dll
0x00007ffe0bf40000 - 0x00007ffe0bf66000 	C:\Program Files\Java\jdk-19\bin\java.dll
0x00007ffdeeaa0000 - 0x00007ffdeeb77000 	C:\Program Files\Java\jdk-19\bin\jsvml.dll
0x00007ffe16b50000 - 0x00007ffe172bc000 	C:\WINDOWS\System32\SHELL32.dll
0x00007ffe13490000 - 0x00007ffe13c2d000 	C:\WINDOWS\SYSTEM32\windows.storage.dll
0x00007ffe15ff0000 - 0x00007ffe16343000 	C:\WINDOWS\System32\combase.dll
0x00007ffe14e30000 - 0x00007ffe14e5e000 	C:\WINDOWS\SYSTEM32\Wldp.dll
0x00007ffe163c0000 - 0x00007ffe1648d000 	C:\WINDOWS\System32\OLEAUT32.dll
0x00007ffe167d0000 - 0x00007ffe1687d000 	C:\WINDOWS\System32\SHCORE.dll
0x00007ffe15e50000 - 0x00007ffe15ea5000 	C:\WINDOWS\System32\shlwapi.dll
0x00007ffe15340000 - 0x00007ffe15364000 	C:\WINDOWS\SYSTEM32\profapi.dll
0x00007ffe057c0000 - 0x00007ffe057d3000 	C:\Program Files\Java\jdk-19\bin\net.dll
0x00007ffe0d080000 - 0x00007ffe0d18a000 	C:\WINDOWS\SYSTEM32\WINHTTP.dll
0x00007ffe14b20000 - 0x00007ffe14b8a000 	C:\WINDOWS\system32\mswsock.dll
0x00007ffdfaa60000 - 0x00007ffdfaa76000 	C:\Program Files\Java\jdk-19\bin\nio.dll
0x00007ffdfaa40000 - 0x00007ffdfaa58000 	C:\Program Files\Java\jdk-19\bin\zip.dll
0x00007ffe0f130000 - 0x00007ffe0f140000 	C:\Program Files\Java\jdk-19\bin\verify.dll
0x00007ffe14840000 - 0x00007ffe1490a000 	C:\WINDOWS\SYSTEM32\DNSAPI.dll
0x00007ffe14800000 - 0x00007ffe1483b000 	C:\WINDOWS\SYSTEM32\IPHLPAPI.DLL
0x00007ffe172c0000 - 0x00007ffe172c8000 	C:\WINDOWS\System32\NSI.dll
0x00007ffe0b8c0000 - 0x00007ffe0b8ca000 	C:\Windows\System32\rasadhlp.dll
0x00007ffe0b8f0000 - 0x00007ffe0b970000 	C:\WINDOWS\System32\fwpuclnt.dll
0x00007ffe0edf0000 - 0x00007ffe0edf8000 	C:\Program Files\Java\jdk-19\bin\extnet.dll
0x00007ffe14d90000 - 0x00007ffe14da8000 	C:\WINDOWS\SYSTEM32\CRYPTSP.dll
0x00007ffe14440000 - 0x00007ffe14474000 	C:\WINDOWS\system32\rsaenh.dll
0x00007ffe152b0000 - 0x00007ffe152de000 	C:\WINDOWS\SYSTEM32\USERENV.dll
0x00007ffe14d80000 - 0x00007ffe14d8c000 	C:\WINDOWS\SYSTEM32\CRYPTBASE.dll
0x00007ffe0d830000 - 0x00007ffe0d847000 	C:\WINDOWS\SYSTEM32\dhcpcsvc6.DLL
0x00007ffe0e230000 - 0x00007ffe0e24d000 	C:\WINDOWS\SYSTEM32\dhcpcsvc.DLL
0x00007ffe0df90000 - 0x00007ffe0df9a000 	C:\Program Files\Java\jdk-19\bin\management.dll
0x00007ffe081d0000 - 0x00007ffe081db000 	C:\Program Files\Java\jdk-19\bin\management_ext.dll
0x00007ffe15fe0000 - 0x00007ffe15fe8000 	C:\WINDOWS\System32\PSAPI.DLL
0x00007ffdfd6a0000 - 0x00007ffdfd6b7000 	C:\WINDOWS\system32\napinsp.dll
0x00007ffdfd530000 - 0x00007ffdfd54b000 	C:\WINDOWS\system32\pnrpnsp.dll
0x00007ffdfd510000 - 0x00007ffdfd525000 	C:\WINDOWS\system32\wshbth.dll
0x00007ffe102c0000 - 0x00007ffe102dd000 	C:\WINDOWS\system32\NLAapi.dll
0x00007ffdfd4f0000 - 0x00007ffdfd502000 	C:\WINDOWS\System32\winrnr.dll

dbghelp: loaded successfully - version: 4.0.5 - missing functions: none
symbol engine: initialized successfully - sym options: 0x614 - pdb path: .;C:\Program Files\Java\jdk-19\bin;C:\WINDOWS\SYSTEM32;C:\WINDOWS\WinSxS\amd64_microsoft.windows.common-controls_6595b64144ccf1df_6.0.19041.4355_none_60b8b9eb71f62e16;C:\Program Files\Java\jdk-19\bin\server

VM Arguments:
jvm_args: -ea -Dfile.encoding=UTF-8 -XX:+ShowCodeDetailsInExceptionMessages 
java_command: org.testng.remote.RemoteTestNG -serport 64361 -protocol json -d C:\Users\Lenovo PC\eclipse-workspace\restAPIFramework\test-output C:\Users\Lenovo PC\eclipse-workspace\restAPIFramework\testng.xml
java_class_path (initial): C:\Users\Lenovo PC\eclipse\java-2022-09\eclipse\configuration\org.eclipse.osgi\438\0\.cp\lib\testng-remote.jar;C:\Users\Lenovo PC\eclipse-workspace\restAPIFramework\target\test-classes;C:\Users\Lenovo PC\eclipse-workspace\restAPIFramework\target\classes;C:\Users\Lenovo PC\.m2\repository\io\rest-assured\rest-assured\5.2.1\rest-assured-5.2.1.jar;C:\Users\Lenovo PC\.m2\repository\org\apache\groovy\groovy\4.0.1\groovy-4.0.1.jar;C:\Users\Lenovo PC\.m2\repository\org\apache\groovy\groovy-xml\4.0.1\groovy-xml-4.0.1.jar;C:\Users\Lenovo PC\.m2\repository\org\apache\httpcomponents\httpclient\4.5.13\httpclient-4.5.13.jar;C:\Users\Lenovo PC\.m2\repository\org\apache\httpcomponents\httpcore\4.4.13\httpcore-4.4.13.jar;C:\Users\Lenovo PC\.m2\repository\commons-logging\commons-logging\1.2\commons-logging-1.2.jar;C:\Users\Lenovo PC\.m2\repository\org\apache\httpcomponents\httpmime\4.5.13\httpmime-4.5.13.jar;C:\Users\Lenovo PC\.m2\repository\org\hamcrest\hamcrest\2.1\hamcrest-2.1.jar;C:\Users\Lenovo PC\.m2\repository\org\ccil\cowan\tagsoup\tagsoup\1.2.1\tagsoup-1.2.1.jar;C:\Users\Lenovo PC\.m2\repository\io\rest-assured\json-path\5.4.0\json-path-5.4.0.jar;C:\Users\Lenovo PC\.m2\repository\org\apache\groovy\groovy-json\4.0.16\groovy-json-4.0.16.jar;C:\Users\Lenovo PC\.m2\repository\io\rest-assured\rest-assured-common\5.4.0\rest-assured-common-5.4.0.jar;C:\Users\Lenovo PC\.m2\repository\org\json\json\20230227\json-20230227.jar;C:\Users\Lenovo PC\.m2\repository\com\google\code\gson\gson\2.10\gson-2.10.jar;C:\Users\Lenovo PC\.m2\repository\io\rest-assured\xml-path\5.4.0\xml-path-5.4.0.jar;C:\Users\Lenovo PC\.m2\repository\org\apache\commons\commons-lang3\3.11\commons-lang3-3.11.jar;C:\Users\Lenovo PC\.m2\repository\io\rest-assured\json-schema-validator\5.4.0\json-schema-validator-5.4.0.jar;C:\Users\Lenovo PC\.m2\repository\com\github\java-json-tools\json-schema-validator\2.2.14\json-schema-validator-2.2.14.jar;C:\Users\Lenovo PC\.m2\repository\com\github\java-json-tools\jackson-coreutils-equivalence\1.0\jackson-coreutils-equivalence-1.0.jar;C:\Users\Lenovo PC\.m2\repository\com\github\java-json-tools\jackson-coreutils\2.0\jackson-coreutils-2.0.jar;C:\Users\Lenovo PC\.m2\repository\com\github\java-json-tools\msg-simple\1.2\msg-simple-1.2.jar;C:\Users\Lenovo PC\.m2\repository\com\github\java-json-tools\btf\1.3\btf-1.3.jar;C:\Users\Lenovo PC\.m2\repository\com\github\java-json-tools\json-schema-core\1.2.14\json-schema-core-1.2.14.jar;C:\Users\Lenovo PC\.m2\repository\com\github\java-json-tools\uri-template\0.10\uri-template-0.10.jar;C:\Users\Lenovo PC\.m2\repository\org\mozilla\rhino\1.7.7.2\rhino-1.7.7.2.jar;C:\Users\Lenovo PC\.m2\repository\com\sun\mail\mailapi\1.6.2\mailapi-1.6.2.jar;C:\Users\Lenovo PC\.m2\repository\joda-time\joda-time\2.10.5\joda-time-2.10.5.jar;C:\Users\Lenovo PC\.m2\repository\com\googlecode\libphonenumber\libphonenumber\8.11.1\libphonenumber-8.11.1.jar;C:\Users\Lenovo PC\.m2\repository\com\google\code\findbugs\jsr305\3.0.2\jsr305-3.0.2.jar;C:\Users\Lenovo PC\.m2\repository\net\sf\jopt-simple\jopt-simple\5.0.4\jopt-simple-5.0.4.jar;C:\Users\Lenovo PC\.m2\repository\com\google\guava\guava\32.0.1-jre\guava-32.0.1-jre.jar;C:\Users\Lenovo PC\.m2\repository\com\google\guava\failureaccess\1.0.1\failureaccess-1.0.1.jar;C:\Users\Lenovo PC\.m2\repository\com\google\guava\listenablefuture\9999.0-empty-to-avoid-conflict-with-guava\listenablefuture-9999.0-empty-to-avoid-conflict-with-guava.jar;C:\Users\Lenovo PC\.m2\repository\org\checkerframework\checker-qual\3.33.0\checker-qual-3.33.0.jar;C:\Users\Lenovo PC\.m2\repository\com\google\errorprone\error_prone_annotations\2.18.0\error_prone_annotations-2.18.0.jar;C:\Users\Lenovo PC\.m2\repository\com\google\j2objc\j2objc-annotations\2.8\j2objc-annotations-2.8.jar;C:\Users\Lenovo PC\.m2\repository\com\github\scribejava\scribejava-apis\8.3.2\scribejava-apis-8.3.2.jar;C:\Users\Lenovo PC\.m2\repository\com\github\scribejava\scribejava-core\8.3.2\scribejava-core-8.3.2.jar;C:\Users\Lenovo PC\.m2\repository\com\github\scribejava\scribejava-java8\8.3.2\scribejava-java8-8.3.2.jar;C:\Users\Lenovo PC\.m2\repository\com\fasterxml\jackson\core\jackson-databind\2.13.4\jackson-databind-2.13.4.jar;C:\Users\Lenovo PC\.m2\repository\com\fasterxml\jackson\core\jackson-annotations\2.13.4\jackson-annotations-2.13.4.jar;C:\Users\Lenovo PC\.m2\repository\com\fasterxml\jackson\core\jackson-core\2.13.4\jackson-core-2.13.4.jar;C:\Users\Lenovo PC\.m2\repository\com\github\javafaker\javafaker\1.0.2\javafaker-1.0.2.jar;C:\Users\Lenovo PC\.m2\repository\org\yaml\snakeyaml\1.23\snakeyaml-1.23-android.jar;C:\Users\Lenovo PC\.m2\repository\com\github\mifmif\generex\1.0.2\generex-1.0.2.jar;C:\Users\Lenovo PC\.m2\repository\dk\brics\automaton\automaton\1.11-8\automaton-1.11-8.jar;C:\Users\Lenovo PC\.m2\repository\org\apache\poi\poi-ooxml\5.2.2\poi-ooxml-5.2.2.jar;C:\Users\Lenovo PC\.m2\repository\org\apache\poi\poi-ooxml-lite\5.2.2\poi-ooxml-lite-5.2.2.jar;C:\Users\Lenovo PC\.m2\repository\org\apache\xmlbeans\xmlbeans\5.0.3\xmlbeans-5.0.3.jar;C:\Users\Lenovo PC\.m2\repository\org\apache\commons\commons-compress\1.21\commons-compress-1.21.jar;C:\Users\Lenovo PC\.m2\repository\commons-io\commons-io\2.11.0\commons-io-2.11.0.jar;C:\Users\Lenovo PC\.m2\repository\com\github\virtuald\curvesapi\1.07\curvesapi-1.07.jar;C:\Users\Lenovo PC\.m2\repository\org\apache\commons\commons-collections4\4.4\commons-collections4-4.4.jar;C:\Users\Lenovo PC\.m2\repository\org\apache\poi\poi\5.2.2\poi-5.2.2.jar;C:\Users\Lenovo PC\.m2\repository\commons-codec\commons-codec\1.15\commons-codec-1.15.jar;C:\Users\Lenovo PC\.m2\repository\org\apache\commons\commons-math3\3.6.1\commons-math3-3.6.1.jar;C:\Users\Lenovo PC\.m2\repository\com\zaxxer\SparseBitSet\1.2\SparseBitSet-1.2.jar;C:\Users\Lenovo PC\.m2\repository\org\testng\testng\7.9.0\testng-7.9.0.jar;C:\Users\Lenovo PC\.m2\repository\org\slf4j\slf4j-api\1.7.36\slf4j-api-1.7.36.jar;C:\Users\Lenovo PC\.m2\repository\com\beust\jcommander\1.82\jcommander-1.82.jar;C:\Users\Lenovo PC\.m2\repository\org\webjars\jquery\3.7.1\jquery-3.7.1.jar;C:\Users\Lenovo PC\.m2\repository\com\aventstack\extentreports\5.0.9\extentreports-5.0.9.jar;C:\Users\Lenovo PC\.m2\repository\io\reactivex\rxjava3\rxjava\3.0.4\rxjava-3.0.4.jar;C:\Users\Lenovo PC\.m2\repository\org\reactivestreams\reactive-streams\1.0.3\reactive-streams-1.0.3.jar;C:\Users\Lenovo PC\.m2\repository\org\freemarker\freemarker\2.3.30\freemarker-2.3.30.jar;C:\Users\Lenovo PC\.m2\repository\org\projectlombok\lombok\1.18.12\lombok-1.18.12.jar;C:\Users\Lenovo PC\.m2\repository\org\apache\logging\log4j\log4j-api\2.23.1\log4j-api-2.23.1.jar;C:\Users\Lenovo PC\.m2\repository\org\apache\logging\log4j\log4j-core\2.23.1\log4j-core-2.23.1.jar
Launcher Type: SUN_STANDARD

[Global flags]
     intx CICompilerCount                          = 3                                         {product} {ergonomic}
     uint ConcGCThreads                            = 1                                         {product} {ergonomic}
     uint G1ConcRefinementThreads                  = 4                                         {product} {ergonomic}
   size_t G1HeapRegionSize                         = 2097152                                   {product} {ergonomic}
    uintx GCDrainStackTargetSize                   = 64                                        {product} {ergonomic}
   size_t InitialHeapSize                          = 264241152                                 {product} {ergonomic}
   size_t MarkStackSize                            = 4194304                                   {product} {ergonomic}
   size_t MaxHeapSize                              = 4217372672                                {product} {ergonomic}
   size_t MaxNewSize                               = 2529165312                                {product} {ergonomic}
   size_t MinHeapDeltaBytes                        = 2097152                                   {product} {ergonomic}
   size_t MinHeapSize                              = 8388608                                   {product} {ergonomic}
    uintx NonNMethodCodeHeapSize                   = 5832780                                {pd product} {ergonomic}
    uintx NonProfiledCodeHeapSize                  = 122912730                              {pd product} {ergonomic}
    uintx ProfiledCodeHeapSize                     = 122912730                              {pd product} {ergonomic}
    uintx ReservedCodeCacheSize                    = 251658240                              {pd product} {ergonomic}
     bool SegmentedCodeCache                       = true                                      {product} {ergonomic}
     bool ShowCodeDetailsInExceptionMessages       = true                                   {manageable} {command line}
   size_t SoftMaxHeapSize                          = 4217372672                             {manageable} {ergonomic}
     bool UseCompressedClassPointers               = true                           {product lp64_product} {ergonomic}
     bool UseCompressedOops                        = true                           {product lp64_product} {ergonomic}
     bool UseG1GC                                  = true                                      {product} {ergonomic}
     bool UseLargePagesIndividualAllocation        = false                                  {pd product} {ergonomic}

Logging:
Log output configuration:
 #0: stdout all=warning uptime,level,tags foldmultilines=false
 #1: stderr all=off uptime,level,tags foldmultilines=false

Environment Variables:
PATH=C:\Program Files\Common Files\Oracle\Java\javapath;C:\WINDOWS\system32;C:\WINDOWS;C:\WINDOWS\System32\Wbem;C:\WINDOWS\System32\WindowsPowerShell\v1.0\;C:\WINDOWS\System32\OpenSSH\;D:\python_proj\drivers_browser;C:\Program Files\Java\jdk-19\bin;C:\Program Files\java\jdk-21\bin;C:\Users\Lenovo PC\AppData\Local\Programs\Python\Python36\Scripts\;C:\Users\Lenovo PC\AppData\Local\Programs\Python\Python36\;C:\Users\Lenovo PC\AppData\Local\Microsoft\WindowsApps;C:\Program Files\JetBrains\PyCharm Community Edition 2021.2.4\bin;;
USERNAME=Lenovo PC
OS=Windows_NT
PROCESSOR_IDENTIFIER=Intel64 Family 6 Model 58 Stepping 9, GenuineIntel
TMP=C:\Users\LENOVO~1\AppData\Local\Temp
TEMP=C:\Users\LENOVO~1\AppData\Local\Temp



---------------  S Y S T E M  ---------------

OS:
 Windows 10 , 64 bit Build 19041 (10.0.19041.3636)
OS uptime: 13 days 17:03 hours

CPU: total 4 (initial active 4) (2 cores per cpu, 2 threads per core) family 6 model 58 stepping 9 microcode 0x21, cx8, cmov, fxsr, ht, mmx, sse, sse2, sse3, ssse3, sse4.1, sse4.2, popcnt, tsc, tscinvbit, avx, aes, erms, clmul, vzeroupper, clflush, rdtscp

Memory: 4k page, system-wide physical 16080M (4064M free)
TotalPageFile size 20529M (AvailPageFile size 4M)
current process WorkingSet (physical memory assigned to process): 131M, peak: 132M
current process commit charge ("private bytes"): 388M, peak: 389M

vm_info: Java HotSpot(TM) 64-Bit Server VM (19.0.1+10-21) for windows-amd64 JRE (19.0.1+10-21), built on 2022-09-14T12:45:06Z by "mach5one" with MS VC++ 17.1 (VS2022)

END.
