#
# There is insufficient memory for the Java Runtime Environment to continue.
# Native memory allocation (mmap) failed to map 264241152 bytes for G1 virtual space
# Possible reasons:
#   The system is out of physical RAM or swap space
#   The process is running with CompressedOops enabled, and the Java Heap may be blocking the growth of the native heap
# Possible solutions:
#   Reduce memory load on the system
#   Increase physical memory or swap space
#   Check if swap backing store is full
#   Decrease Java heap size (-Xmx/-Xms)
#   Decrease number of Java threads
#   Decrease Java thread stack sizes (-Xss)
#   Set larger code cache with -XX:ReservedCodeCacheSize=
#   JVM is running with Zero Based Compressed Oops mode in which the Java heap is
#     placed in the first 32GB address space. The Java Heap base address is the
#     maximum limit for the native heap growth. Please use -XX:HeapBaseMinAddress
#     to set the Java Heap base and to place the Java Heap above 32GB virtual address.
# This output file may be truncated or incomplete.
#
#  Out of Memory Error (os_windows.cpp:3527), pid=24036, tid=10448
#
# JRE version:  (19.0.1+10) (build )
# Java VM: Java HotSpot(TM) 64-Bit Server VM (19.0.1+10-21, mixed mode, sharing, tiered, compressed oops, compressed class ptrs, g1 gc, windows-amd64)
# No core dump will be written. Minidumps are not enabled by default on client versions of Windows
#

---------------  S U M M A R Y ------------

Command Line: -ea -Dfile.encoding=UTF-8 -XX:+ShowCodeDetailsInExceptionMessages org.testng.remote.RemoteTestNG -serport 64367 -protocol json -d C:\Users\Lenovo PC\eclipse-workspace\restAPIFramework\test-output C:\Users\Lenovo PC\eclipse-workspace\restAPIFramework\testng.xml

Host: Intel(R) Core(TM) i5-3320M CPU @ 2.60GHz, 4 cores, 15G,  Windows 10 , 64 bit Build 19041 (10.0.19041.3636)
Time: Tue Jun 25 17:37:57 2024 Eastern Daylight Time elapsed time: 0.030674 seconds (0d 0h 0m 0s)

---------------  T H R E A D  ---------------

Current thread (0x0000023fb882dff0):  JavaThread "Unknown thread" [_thread_in_vm, id=10448, stack(0x0000006d6b300000,0x0000006d6b400000)]

Stack: [0x0000006d6b300000,0x0000006d6b400000]
Native frames: (J=compiled Java code, j=interpreted, Vv=VM code, C=native code)
V  [jvm.dll+0x6ee8fa]
V  [jvm.dll+0x857a1e]
V  [jvm.dll+0x85940e]
V  [jvm.dll+0x859ac3]
V  [jvm.dll+0x28291f]
V  [jvm.dll+0x6eb6e9]
V  [jvm.dll+0x6e028a]
V  [jvm.dll+0x357136]
V  [jvm.dll+0x35eb96]
V  [jvm.dll+0x3b555e]
V  [jvm.dll+0x3b578f]
V  [jvm.dll+0x32c6ea]
V  [jvm.dll+0x32d59e]
V  [jvm.dll+0x821b20]
V  [jvm.dll+0x3c27c1]
V  [jvm.dll+0x8022f1]
V  [jvm.dll+0x44b30f]
V  [jvm.dll+0x44cc91]
C  [jli.dll+0x5287]
C  [ucrtbase.dll+0x21bb2]
C  [KERNEL32.DLL+0x17344]
C  [ntdll.dll+0x4cc91]


---------------  P R O C E S S  ---------------

Threads class SMR info:
_java_thread_list=0x00007ffdc2e9d048, length=0, elements={
}

Java Threads: ( => current thread )

Other Threads:
  0x0000023fba95a840 WorkerThread "GC Thread#0" [stack: 0x0000006d6b400000,0x0000006d6b500000] [id=10508]
  0x0000023fba96b2f0 ConcurrentGCThread "G1 Main Marker" [stack: 0x0000006d6b500000,0x0000006d6b600000] [id=8688]
  0x0000023fba96d670 WorkerThread "G1 Conc#0" [stack: 0x0000006d6b600000,0x0000006d6b700000] [id=15268]

[error occurred during error reporting (printing all threads), id 0xc0000005, EXCEPTION_ACCESS_VIOLATION (0xc0000005) at pc=0x00007ffdc265d127]

VM state: not at safepoint (not fully initialized)

VM Mutex/Monitor currently owned by a thread:  ([mutex/lock_event])
[0x0000023fb882bd60] Heap_lock - owner thread: 0x0000023fb882dff0

Heap address: 0x0000000704a00000, size: 4022 MB, Compressed Oops mode: Zero based, Oop shift amount: 3

CDS archive(s) mapped at: [0x0000000000000000-0x0000000000000000-0x0000000000000000), size 0, SharedBaseAddress: 0x0000000800000000, ArchiveRelocationMode: 0.
Narrow klass base: 0x0000000000000000, Narrow klass shift: 0, Narrow klass range: 0x0

GC Precious Log:
 CardTable entry size: 512
 Card Set container configuration: InlinePtr #cards 4 size 8 Array Of Cards #cards 16 size 48 Howl #buckets 8 coarsen threshold 3686 Howl Bitmap #cards 512 size 80 coarsen threshold 460 Card regions per heap region 1 cards per card region 4096

Heap:
 garbage-first heap   total 0K, used 0K [0x0000000704a00000, 0x0000000800000000)
  region size 2048K, 0 young (0K), 0 survivors (0K)

[error occurred during error reporting (printing heap information), id 0xc0000005, EXCEPTION_ACCESS_VIOLATION (0xc0000005) at pc=0x00007ffdc2a66959]

GC Heap History (0 events):
No events

Dll operation events (1 events):
Event: 0.015 Loaded shared library C:\Program Files\Java\jdk-19\bin\java.dll

Deoptimization events (0 events):
No events

Classes loaded (0 events):
No events

Classes unloaded (0 events):
No events

Classes redefined (0 events):
No events

Internal exceptions (0 events):
No events

VM Operations (0 events):
No events

Events (0 events):
No events


Dynamic libraries:
0x00007ff72f420000 - 0x00007ff72f430000 	C:\Program Files\Java\jdk-19\bin\javaw.exe
0x00007ffe17d50000 - 0x00007ffe17f48000 	C:\WINDOWS\SYSTEM32\ntdll.dll
0x00007ffe16a70000 - 0x00007ffe16b2d000 	C:\WINDOWS\System32\KERNEL32.DLL
0x00007ffe15440000 - 0x00007ffe15736000 	C:\WINDOWS\System32\KERNELBASE.dll
0x00007ffe158f0000 - 0x00007ffe159f0000 	C:\WINDOWS\System32\ucrtbase.dll
0x00007ffe0bf50000 - 0x00007ffe0bf68000 	C:\Program Files\Java\jdk-19\bin\jli.dll
0x00007ffe16610000 - 0x00007ffe166c0000 	C:\WINDOWS\System32\ADVAPI32.dll
0x00007ffe172d0000 - 0x00007ffe1736e000 	C:\WINDOWS\System32\msvcrt.dll
0x00007ffe175c0000 - 0x00007ffe17660000 	C:\WINDOWS\System32\sechost.dll
0x00007ffe17660000 - 0x00007ffe17783000 	C:\WINDOWS\System32\RPCRT4.dll
0x00007ffe15410000 - 0x00007ffe15437000 	C:\WINDOWS\System32\bcrypt.dll
0x00007ffe17370000 - 0x00007ffe1750f000 	C:\WINDOWS\System32\USER32.dll
0x00007ffe15bb0000 - 0x00007ffe15bd2000 	C:\WINDOWS\System32\win32u.dll
0x00007ffe17ce0000 - 0x00007ffe17d0b000 	C:\WINDOWS\System32\GDI32.dll
0x00007ffe15be0000 - 0x00007ffe15cf7000 	C:\WINDOWS\System32\gdi32full.dll
0x00007ffe15aa0000 - 0x00007ffe15b3d000 	C:\WINDOWS\System32\msvcp_win.dll
0x00007ffe057c0000 - 0x00007ffe057db000 	C:\Program Files\Java\jdk-19\bin\VCRUNTIME140.dll
0x00007ffe02d70000 - 0x00007ffe0300a000 	C:\WINDOWS\WinSxS\amd64_microsoft.windows.common-controls_6595b64144ccf1df_6.0.19041.4355_none_60b8b9eb71f62e16\COMCTL32.dll
0x00007ffe07330000 - 0x00007ffe0733a000 	C:\WINDOWS\SYSTEM32\VERSION.dll
0x00007ffe16880000 - 0x00007ffe168af000 	C:\WINDOWS\System32\IMM32.DLL
0x00007ffe10100000 - 0x00007ffe1010c000 	C:\Program Files\Java\jdk-19\bin\vcruntime140_1.dll
0x00007ffdeeea0000 - 0x00007ffdeef2e000 	C:\Program Files\Java\jdk-19\bin\msvcp140.dll
0x00007ffdc2320000 - 0x00007ffdc2fe0000 	C:\Program Files\Java\jdk-19\bin\server\jvm.dll
0x00007ffdedc00000 - 0x00007ffdedc09000 	C:\WINDOWS\SYSTEM32\WSOCK32.dll
0x00007ffe16350000 - 0x00007ffe163bb000 	C:\WINDOWS\System32\WS2_32.dll
0x00007ffe039f0000 - 0x00007ffe03a17000 	C:\WINDOWS\SYSTEM32\WINMM.dll
0x00007ffe13470000 - 0x00007ffe13482000 	C:\WINDOWS\SYSTEM32\kernel.appcore.dll
0x00007ffe0fe10000 - 0x00007ffe0fe1a000 	C:\Program Files\Java\jdk-19\bin\jimage.dll
0x00007ffe0d2b0000 - 0x00007ffe0d494000 	C:\WINDOWS\SYSTEM32\DBGHELP.DLL
0x00007ffe0d560000 - 0x00007ffe0d594000 	C:\WINDOWS\SYSTEM32\dbgcore.DLL
0x00007ffe15d00000 - 0x00007ffe15d82000 	C:\WINDOWS\System32\bcryptPrimitives.dll
0x00007ffdfaa50000 - 0x00007ffdfaa76000 	C:\Program Files\Java\jdk-19\bin\java.dll

dbghelp: loaded successfully - version: 4.0.5 - missing functions: none
symbol engine: initialized successfully - sym options: 0x614 - pdb path: .;C:\Program Files\Java\jdk-19\bin;C:\WINDOWS\SYSTEM32;C:\WINDOWS\WinSxS\amd64_microsoft.windows.common-controls_6595b64144ccf1df_6.0.19041.4355_none_60b8b9eb71f62e16;C:\Program Files\Java\jdk-19\bin\server

VM Arguments:
jvm_args: -ea -Dfile.encoding=UTF-8 -XX:+ShowCodeDetailsInExceptionMessages 
java_command: org.testng.remote.RemoteTestNG -serport 64367 -protocol json -d C:\Users\Lenovo PC\eclipse-workspace\restAPIFramework\test-output C:\Users\Lenovo PC\eclipse-workspace\restAPIFramework\testng.xml
java_class_path (initial): C:\Users\Lenovo PC\eclipse\java-2022-09\eclipse\configuration\org.eclipse.osgi\438\0\.cp\lib\testng-remote.jar;C:\Users\Lenovo PC\eclipse-workspace\restAPIFramework\target\test-classes;C:\Users\Lenovo PC\eclipse-workspace\restAPIFramework\target\classes;C:\Users\Lenovo PC\.m2\repository\io\rest-assured\rest-assured\5.2.1\rest-assured-5.2.1.jar;C:\Users\Lenovo PC\.m2\repository\org\apache\groovy\groovy\4.0.1\groovy-4.0.1.jar;C:\Users\Lenovo PC\.m2\repository\org\apache\groovy\groovy-xml\4.0.1\groovy-xml-4.0.1.jar;C:\Users\Lenovo PC\.m2\repository\org\apache\httpcomponents\httpclient\4.5.13\httpclient-4.5.13.jar;C:\Users\Lenovo PC\.m2\repository\org\apache\httpcomponents\httpcore\4.4.13\httpcore-4.4.13.jar;C:\Users\Lenovo PC\.m2\repository\commons-logging\commons-logging\1.2\commons-logging-1.2.jar;C:\Users\Lenovo PC\.m2\repository\org\apache\httpcomponents\httpmime\4.5.13\httpmime-4.5.13.jar;C:\Users\Lenovo PC\.m2\repository\org\hamcrest\hamcrest\2.1\hamcrest-2.1.jar;C:\Users\Lenovo PC\.m2\repository\org\ccil\cowan\tagsoup\tagsoup\1.2.1\tagsoup-1.2.1.jar;C:\Users\Lenovo PC\.m2\repository\io\rest-assured\json-path\5.4.0\json-path-5.4.0.jar;C:\Users\Lenovo PC\.m2\repository\org\apache\groovy\groovy-json\4.0.16\groovy-json-4.0.16.jar;C:\Users\Lenovo PC\.m2\repository\io\rest-assured\rest-assured-common\5.4.0\rest-assured-common-5.4.0.jar;C:\Users\Lenovo PC\.m2\repository\org\json\json\20230227\json-20230227.jar;C:\Users\Lenovo PC\.m2\repository\com\google\code\gson\gson\2.10\gson-2.10.jar;C:\Users\Lenovo PC\.m2\repository\io\rest-assured\xml-path\5.4.0\xml-path-5.4.0.jar;C:\Users\Lenovo PC\.m2\repository\org\apache\commons\commons-lang3\3.11\commons-lang3-3.11.jar;C:\Users\Lenovo PC\.m2\repository\io\rest-assured\json-schema-validator\5.4.0\json-schema-validator-5.4.0.jar;C:\Users\Lenovo PC\.m2\repository\com\github\java-json-tools\json-schema-validator\2.2.14\json-schema-validator-2.2.14.jar;C:\Users\Lenovo PC\.m2\repository\com\github\java-json-tools\jackson-coreutils-equivalence\1.0\jackson-coreutils-equivalence-1.0.jar;C:\Users\Lenovo PC\.m2\repository\com\github\java-json-tools\jackson-coreutils\2.0\jackson-coreutils-2.0.jar;C:\Users\Lenovo PC\.m2\repository\com\github\java-json-tools\msg-simple\1.2\msg-simple-1.2.jar;C:\Users\Lenovo PC\.m2\repository\com\github\java-json-tools\btf\1.3\btf-1.3.jar;C:\Users\Lenovo PC\.m2\repository\com\github\java-json-tools\json-schema-core\1.2.14\json-schema-core-1.2.14.jar;C:\Users\Lenovo PC\.m2\repository\com\github\java-json-tools\uri-template\0.10\uri-template-0.10.jar;C:\Users\Lenovo PC\.m2\repository\org\mozilla\rhino\1.7.7.2\rhino-1.7.7.2.jar;C:\Users\Lenovo PC\.m2\repository\com\sun\mail\mailapi\1.6.2\mailapi-1.6.2.jar;C:\Users\Lenovo PC\.m2\repository\joda-time\joda-time\2.10.5\joda-time-2.10.5.jar;C:\Users\Lenovo PC\.m2\repository\com\googlecode\libphonenumber\libphonenumber\8.11.1\libphonenumber-8.11.1.jar;C:\Users\Lenovo PC\.m2\repository\com\google\code\findbugs\jsr305\3.0.2\jsr305-3.0.2.jar;C:\Users\Lenovo PC\.m2\repository\net\sf\jopt-simple\jopt-simple\5.0.4\jopt-simple-5.0.4.jar;C:\Users\Lenovo PC\.m2\repository\com\google\guava\guava\32.0.1-jre\guava-32.0.1-jre.jar;C:\Users\Lenovo PC\.m2\repository\com\google\guava\failureaccess\1.0.1\failureaccess-1.0.1.jar;C:\Users\Lenovo PC\.m2\repository\com\google\guava\listenablefuture\9999.0-empty-to-avoid-conflict-with-guava\listenablefuture-9999.0-empty-to-avoid-conflict-with-guava.jar;C:\Users\Lenovo PC\.m2\repository\org\checkerframework\checker-qual\3.33.0\checker-qual-3.33.0.jar;C:\Users\Lenovo PC\.m2\repository\com\google\errorprone\error_prone_annotations\2.18.0\error_prone_annotations-2.18.0.jar;C:\Users\Lenovo PC\.m2\repository\com\google\j2objc\j2objc-annotations\2.8\j2objc-annotations-2.8.jar;C:\Users\Lenovo PC\.m2\repository\com\github\scribejava\scribejava-apis\8.3.2\scribejava-apis-8.3.2.jar;C:\Users\Lenovo PC\.m2\repository\com\github\scribejava\scribejava-core\8.3.2\scribejava-core-8.3.2.jar;C:\Users\Lenovo PC\.m2\repository\com\github\scribejava\scribejava-java8\8.3.2\scribejava-java8-8.3.2.jar;C:\Users\Lenovo PC\.m2\repository\com\fasterxml\jackson\core\jackson-databind\2.13.4\jackson-databind-2.13.4.jar;C:\Users\Lenovo PC\.m2\repository\com\fasterxml\jackson\core\jackson-annotations\2.13.4\jackson-annotations-2.13.4.jar;C:\Users\Lenovo PC\.m2\repository\com\fasterxml\jackson\core\jackson-core\2.13.4\jackson-core-2.13.4.jar;C:\Users\Lenovo PC\.m2\repository\com\github\javafaker\javafaker\1.0.2\javafaker-1.0.2.jar;C:\Users\Lenovo PC\.m2\repository\org\yaml\snakeyaml\1.23\snakeyaml-1.23-android.jar;C:\Users\Lenovo PC\.m2\repository\com\github\mifmif\generex\1.0.2\generex-1.0.2.jar;C:\Users\Lenovo PC\.m2\repository\dk\brics\automaton\automaton\1.11-8\automaton-1.11-8.jar;C:\Users\Lenovo PC\.m2\repository\org\apache\poi\poi-ooxml\5.2.2\poi-ooxml-5.2.2.jar;C:\Users\Lenovo PC\.m2\repository\org\apache\poi\poi-ooxml-lite\5.2.2\poi-ooxml-lite-5.2.2.jar;C:\Users\Lenovo PC\.m2\repository\org\apache\xmlbeans\xmlbeans\5.0.3\xmlbeans-5.0.3.jar;C:\Users\Lenovo PC\.m2\repository\org\apache\commons\commons-compress\1.21\commons-compress-1.21.jar;C:\Users\Lenovo PC\.m2\repository\commons-io\commons-io\2.11.0\commons-io-2.11.0.jar;C:\Users\Lenovo PC\.m2\repository\com\github\virtuald\curvesapi\1.07\curvesapi-1.07.jar;C:\Users\Lenovo PC\.m2\repository\org\apache\commons\commons-collections4\4.4\commons-collections4-4.4.jar;C:\Users\Lenovo PC\.m2\repository\org\apache\poi\poi\5.2.2\poi-5.2.2.jar;C:\Users\Lenovo PC\.m2\repository\commons-codec\commons-codec\1.15\commons-codec-1.15.jar;C:\Users\Lenovo PC\.m2\repository\org\apache\commons\commons-math3\3.6.1\commons-math3-3.6.1.jar;C:\Users\Lenovo PC\.m2\repository\com\zaxxer\SparseBitSet\1.2\SparseBitSet-1.2.jar;C:\Users\Lenovo PC\.m2\repository\org\testng\testng\7.9.0\testng-7.9.0.jar;C:\Users\Lenovo PC\.m2\repository\org\slf4j\slf4j-api\1.7.36\slf4j-api-1.7.36.jar;C:\Users\Lenovo PC\.m2\repository\com\beust\jcommander\1.82\jcommander-1.82.jar;C:\Users\Lenovo PC\.m2\repository\org\webjars\jquery\3.7.1\jquery-3.7.1.jar;C:\Users\Lenovo PC\.m2\repository\com\aventstack\extentreports\5.0.9\extentreports-5.0.9.jar;C:\Users\Lenovo PC\.m2\repository\io\reactivex\rxjava3\rxjava\3.0.4\rxjava-3.0.4.jar;C:\Users\Lenovo PC\.m2\repository\org\reactivestreams\reactive-streams\1.0.3\reactive-streams-1.0.3.jar;C:\Users\Lenovo PC\.m2\repository\org\freemarker\freemarker\2.3.30\freemarker-2.3.30.jar;C:\Users\Lenovo PC\.m2\repository\org\projectlombok\lombok\1.18.12\lombok-1.18.12.jar;C:\Users\Lenovo PC\.m2\repository\org\apache\logging\log4j\log4j-api\2.23.1\log4j-api-2.23.1.jar;C:\Users\Lenovo PC\.m2\repository\org\apache\logging\log4j\log4j-core\2.23.1\log4j-core-2.23.1.jar
Launcher Type: SUN_STANDARD

[Global flags]
     intx CICompilerCount                          = 3                                         {product} {ergonomic}
     uint ConcGCThreads                            = 1                                         {product} {ergonomic}
     uint G1ConcRefinementThreads                  = 4                                         {product} {ergonomic}
   size_t G1HeapRegionSize                         = 2097152                                   {product} {ergonomic}
    uintx GCDrainStackTargetSize                   = 64                                        {product} {ergonomic}
   size_t InitialHeapSize                          = 264241152                                 {product} {ergonomic}
   size_t MarkStackSize                            = 4194304                                   {product} {ergonomic}
   size_t MaxHeapSize                              = 4217372672                                {product} {ergonomic}
   size_t MinHeapDeltaBytes                        = 2097152                                   {product} {ergonomic}
   size_t MinHeapSize                              = 8388608                                   {product} {ergonomic}
    uintx NonNMethodCodeHeapSize                   = 5832780                                {pd product} {ergonomic}
    uintx NonProfiledCodeHeapSize                  = 122912730                              {pd product} {ergonomic}
    uintx ProfiledCodeHeapSize                     = 122912730                              {pd product} {ergonomic}
    uintx ReservedCodeCacheSize                    = 251658240                              {pd product} {ergonomic}
     bool SegmentedCodeCache                       = true                                      {product} {ergonomic}
     bool ShowCodeDetailsInExceptionMessages       = true                                   {manageable} {command line}
   size_t SoftMaxHeapSize                          = 4217372672                             {manageable} {ergonomic}
     bool UseCompressedClassPointers               = true                           {product lp64_product} {ergonomic}
     bool UseCompressedOops                        = true                           {product lp64_product} {ergonomic}
     bool UseG1GC                                  = true                                      {product} {ergonomic}
     bool UseLargePagesIndividualAllocation        = false                                  {pd product} {ergonomic}

Logging:
Log output configuration:
 #0: stdout all=warning uptime,level,tags foldmultilines=false
 #1: stderr all=off uptime,level,tags foldmultilines=false

Environment Variables:
PATH=C:\Program Files\Common Files\Oracle\Java\javapath;C:\WINDOWS\system32;C:\WINDOWS;C:\WINDOWS\System32\Wbem;C:\WINDOWS\System32\WindowsPowerShell\v1.0\;C:\WINDOWS\System32\OpenSSH\;D:\python_proj\drivers_browser;C:\Program Files\Java\jdk-19\bin;C:\Program Files\java\jdk-21\bin;C:\Users\Lenovo PC\AppData\Local\Programs\Python\Python36\Scripts\;C:\Users\Lenovo PC\AppData\Local\Programs\Python\Python36\;C:\Users\Lenovo PC\AppData\Local\Microsoft\WindowsApps;C:\Program Files\JetBrains\PyCharm Community Edition 2021.2.4\bin;;
USERNAME=Lenovo PC
OS=Windows_NT
PROCESSOR_IDENTIFIER=Intel64 Family 6 Model 58 Stepping 9, GenuineIntel
TMP=C:\Users\LENOVO~1\AppData\Local\Temp
TEMP=C:\Users\LENOVO~1\AppData\Local\Temp



---------------  S Y S T E M  ---------------

OS:
 Windows 10 , 64 bit Build 19041 (10.0.19041.3636)
OS uptime: 13 days 17:05 hours

CPU: total 4 (initial active 4) (2 cores per cpu, 2 threads per core) family 6 model 58 stepping 9 microcode 0x21, cx8, cmov, fxsr, ht, mmx, sse, sse2, sse3, ssse3, sse4.1, sse4.2, popcnt, tsc, tscinvbit, avx, aes, erms, clmul, vzeroupper, clflush, rdtscp

Memory: 4k page, system-wide physical 16080M (4115M free)
TotalPageFile size 20529M (AvailPageFile size 189M)
current process WorkingSet (physical memory assigned to process): 10M, peak: 10M
current process commit charge ("private bytes"): 52M, peak: 304M

vm_info: Java HotSpot(TM) 64-Bit Server VM (19.0.1+10-21) for windows-amd64 JRE (19.0.1+10-21), built on 2022-09-14T12:45:06Z by "mach5one" with MS VC++ 17.1 (VS2022)

END.
